{"timestamp": "2025-10-19T10:22:51.307885", "level": "INFO", "message": "\u2705 Templates e arquivos est\u00e1ticos carregados.", "name": "atcoin", "module": "app", "function": "<module>", "line": 107}
{"timestamp": "2025-10-19T10:22:51.928956", "level": "INFO", "message": "Iniciando ciclo de vida da aplica\u00e7\u00e3o...", "name": "atcoin", "module": "app", "function": "lifespan", "line": 61}
{"timestamp": "2025-10-19T10:22:51.929847", "level": "INFO", "message": "RNNPredictor: Carregando modelo de src/model/model.h5...", "name": "atcoin", "module": "rnn_predictor", "function": "_load_model_and_scalers", "line": 328}
{"timestamp": "2025-10-19T10:22:52.008937", "level": "ERROR", "message": "RNNPredictor: Falha cr\u00edtica ao carregar modelo ou scalers: Unable to synchronously open file (file signature not found)", "name": "atcoin", "module": "rnn_predictor", "function": "_load_model_and_scalers", "line": 348}
{"timestamp": "2025-10-19T10:22:52.009886", "level": "INFO", "message": "RNNPredictor: Carregando modelo de src/model/model.h5...", "name": "atcoin", "module": "rnn_predictor", "function": "_load_model_and_scalers", "line": 328}
{"timestamp": "2025-10-19T10:22:52.013264", "level": "ERROR", "message": "RNNPredictor: Falha cr\u00edtica ao carregar modelo ou scalers: Unable to synchronously open file (file signature not found)", "name": "atcoin", "module": "rnn_predictor", "function": "_load_model_and_scalers", "line": 348}
{"timestamp": "2025-10-19T10:22:52.013264", "level": "ERROR", "message": "\u274c FALHA CR\u00cdTICA ao carregar modelo RNN na inicializa\u00e7\u00e3o: 'RNNModelPredictor' object has no attribute 'load_model'", "name": "atcoin", "module": "app", "function": "lifespan", "line": 79}
{"timestamp": "2025-10-19T10:31:26.237946", "level": "INFO", "message": "\u2705 Templates e arquivos est\u00e1ticos carregados.", "name": "atcoin", "module": "app", "function": "<module>", "line": 107}
{"timestamp": "2025-10-19T10:31:27.003575", "level": "INFO", "message": "Iniciando ciclo de vida da aplica\u00e7\u00e3o...", "name": "atcoin", "module": "app", "function": "lifespan", "line": 61}
{"timestamp": "2025-10-19T10:31:27.004236", "level": "INFO", "message": "RNNPredictor: Carregando modelo de src/model/model.h5...", "name": "atcoin", "module": "rnn_predictor", "function": "_load_model_and_scalers", "line": 328}
{"timestamp": "2025-10-19T10:31:27.212609", "level": "ERROR", "message": "RNNPredictor: Falha cr\u00edtica ao carregar modelo ou scalers: Unable to synchronously open file (file signature not found)", "name": "atcoin", "module": "rnn_predictor", "function": "_load_model_and_scalers", "line": 348}
{"timestamp": "2025-10-19T10:31:27.212609", "level": "INFO", "message": "RNNPredictor: Carregando modelo de src/model/model.h5...", "name": "atcoin", "module": "rnn_predictor", "function": "_load_model_and_scalers", "line": 328}
{"timestamp": "2025-10-19T10:31:27.215819", "level": "ERROR", "message": "RNNPredictor: Falha cr\u00edtica ao carregar modelo ou scalers: Unable to synchronously open file (file signature not found)", "name": "atcoin", "module": "rnn_predictor", "function": "_load_model_and_scalers", "line": 348}
{"timestamp": "2025-10-19T10:31:27.216841", "level": "ERROR", "message": "\u274c FALHA CR\u00cdTICA ao carregar modelo RNN na inicializa\u00e7\u00e3o: 'RNNModelPredictor' object has no attribute 'load_model'", "name": "atcoin", "module": "app", "function": "lifespan", "line": 79}
{"timestamp": "2025-10-19T14:40:47.918666", "level": "INFO", "message": "Finalizando ciclo de vida da aplica\u00e7\u00e3o.", "name": "atcoin", "module": "app", "function": "lifespan", "line": 85}
{"timestamp": "2025-10-19T14:43:00.730793", "level": "INFO", "message": "\u2705 Templates e arquivos est\u00e1ticos carregados.", "name": "atcoin", "module": "app", "function": "<module>", "line": 107}
{"timestamp": "2025-10-19T14:43:01.188086", "level": "INFO", "message": "Iniciando ciclo de vida da aplica\u00e7\u00e3o...", "name": "atcoin", "module": "app", "function": "lifespan", "line": 61}
{"timestamp": "2025-10-19T14:43:01.189083", "level": "INFO", "message": "RNNPredictor: Carregando modelo de src/model/model.h5...", "name": "atcoin", "module": "rnn_predictor", "function": "_load_model_and_scalers", "line": 328}
{"timestamp": "2025-10-19T14:43:01.208541", "level": "ERROR", "message": "RNNPredictor: Falha cr\u00edtica ao carregar modelo ou scalers: Unable to synchronously open file (file signature not found)", "name": "atcoin", "module": "rnn_predictor", "function": "_load_model_and_scalers", "line": 348}
{"timestamp": "2025-10-19T14:43:01.208541", "level": "INFO", "message": "RNNPredictor: Carregando modelo de src/model/model.h5...", "name": "atcoin", "module": "rnn_predictor", "function": "_load_model_and_scalers", "line": 328}
{"timestamp": "2025-10-19T14:43:01.210668", "level": "ERROR", "message": "RNNPredictor: Falha cr\u00edtica ao carregar modelo ou scalers: Unable to synchronously open file (file signature not found)", "name": "atcoin", "module": "rnn_predictor", "function": "_load_model_and_scalers", "line": 348}
{"timestamp": "2025-10-19T14:43:01.210668", "level": "ERROR", "message": "\u274c FALHA CR\u00cdTICA ao carregar modelo RNN na inicializa\u00e7\u00e3o: 'RNNModelPredictor' object has no attribute 'load_model'", "name": "atcoin", "module": "app", "function": "lifespan", "line": 79}
{"timestamp": "2025-10-19T19:00:54.332289", "level": "INFO", "message": "\u2705 Templates e arquivos est\u00e1ticos carregados.", "name": "atcoin", "module": "app", "function": "<module>", "line": 107}
{"timestamp": "2025-10-19T19:00:55.010304", "level": "INFO", "message": "Iniciando ciclo de vida da aplica\u00e7\u00e3o...", "name": "atcoin", "module": "app", "function": "lifespan", "line": 61}
{"timestamp": "2025-10-19T19:00:55.010304", "level": "INFO", "message": "RNNPredictor: Carregando modelo de src/model/model.h5...", "name": "atcoin", "module": "rnn_predictor", "function": "_load_model_and_scalers", "line": 328}
{"timestamp": "2025-10-19T19:00:55.040575", "level": "ERROR", "message": "RNNPredictor: Falha cr\u00edtica ao carregar modelo ou scalers: Unable to synchronously open file (file signature not found)", "name": "atcoin", "module": "rnn_predictor", "function": "_load_model_and_scalers", "line": 348}
{"timestamp": "2025-10-19T19:00:55.040575", "level": "INFO", "message": "RNNPredictor: Carregando modelo de src/model/model.h5...", "name": "atcoin", "module": "rnn_predictor", "function": "_load_model_and_scalers", "line": 328}
{"timestamp": "2025-10-19T19:00:55.040575", "level": "ERROR", "message": "RNNPredictor: Falha cr\u00edtica ao carregar modelo ou scalers: Unable to synchronously open file (file signature not found)", "name": "atcoin", "module": "rnn_predictor", "function": "_load_model_and_scalers", "line": 348}
{"timestamp": "2025-10-19T19:00:55.040575", "level": "ERROR", "message": "\u274c FALHA CR\u00cdTICA ao carregar modelo RNN na inicializa\u00e7\u00e3o: 'RNNModelPredictor' object has no attribute 'load_model'", "name": "atcoin", "module": "app", "function": "lifespan", "line": 79}
{"timestamp": "2025-10-19T19:00:55.046605", "level": "INFO", "message": "Finalizando ciclo de vida da aplica\u00e7\u00e3o.", "name": "atcoin", "module": "app", "function": "lifespan", "line": 85}
{"timestamp": "2025-10-19T19:37:32.556820", "level": "INFO", "message": "\u2705 Templates e arquivos est\u00e1ticos carregados.", "name": "atcoin", "module": "app", "function": "<module>", "line": 107}
{"timestamp": "2025-10-19T19:37:33.413617", "level": "INFO", "message": "Iniciando ciclo de vida da aplica\u00e7\u00e3o...", "name": "atcoin", "module": "app", "function": "lifespan", "line": 61}
{"timestamp": "2025-10-19T19:37:33.415614", "level": "INFO", "message": "RNNPredictor: Carregando modelo de src/model/model.h5...", "name": "atcoin", "module": "rnn_predictor", "function": "_load_model_and_scalers", "line": 314}
{"timestamp": "2025-10-19T19:37:33.745741", "level": "ERROR", "message": "RNNPredictor: Falha ao carregar modelo Keras: Unable to synchronously open file (file signature not found)", "name": "atcoin", "module": "rnn_predictor", "function": "_load_model_and_scalers", "line": 323}
{"timestamp": "2025-10-19T19:37:33.774664", "level": "ERROR", "message": "Erro ao carregar scaler Price/Volume (API) de src/model/price_volume_atr_norm_scaler.joblib: 118", "name": "atcoin", "module": "rnn_predictor", "function": "_load_scaler", "line": 307}
{"timestamp": "2025-10-19T19:37:33.780645", "level": "ERROR", "message": "Erro ao carregar scaler Indicator (API) de src/model/other_indicators_scaler.joblib: 118", "name": "atcoin", "module": "rnn_predictor", "function": "_load_scaler", "line": 307}
{"timestamp": "2025-10-19T19:37:33.781644", "level": "ERROR", "message": "Um ou ambos os scalers n\u00e3o puderam ser carregados. O preditor pode n\u00e3o funcionar.", "name": "atcoin", "module": "rnn_predictor", "function": "_load_model_and_scalers", "line": 344}
{"timestamp": "2025-10-19T19:37:33.782642", "level": "INFO", "message": "\u2705 Modelo RNN e scalers carregados com sucesso no estado da aplica\u00e7\u00e3o.", "name": "atcoin", "module": "app", "function": "lifespan", "line": 77}
{"timestamp": "2025-10-19T19:42:52.929654", "level": "INFO", "message": "\u2705 Templates e arquivos est\u00e1ticos carregados.", "name": "atcoin", "module": "app", "function": "<module>", "line": 107}
{"timestamp": "2025-10-19T19:42:53.215125", "level": "INFO", "message": "Iniciando ciclo de vida da aplica\u00e7\u00e3o...", "name": "atcoin", "module": "app", "function": "lifespan", "line": 61}
{"timestamp": "2025-10-19T19:42:53.215125", "level": "INFO", "message": "RNNPredictor: Carregando modelo de src/model/model.h5...", "name": "atcoin", "module": "rnn_predictor", "function": "_load_model_and_scalers", "line": 314}
{"timestamp": "2025-10-19T19:42:53.243412", "level": "ERROR", "message": "RNNPredictor: Falha ao carregar modelo Keras: Unable to synchronously open file (file signature not found)", "name": "atcoin", "module": "rnn_predictor", "function": "_load_model_and_scalers", "line": 323}
{"timestamp": "2025-10-19T19:42:53.246204", "level": "ERROR", "message": "Erro ao carregar scaler Price/Volume (API) de src/model/price_volume_atr_norm_scaler.joblib: 118", "name": "atcoin", "module": "rnn_predictor", "function": "_load_scaler", "line": 307}
{"timestamp": "2025-10-19T19:42:53.247273", "level": "ERROR", "message": "Erro ao carregar scaler Indicator (API) de src/model/other_indicators_scaler.joblib: 118", "name": "atcoin", "module": "rnn_predictor", "function": "_load_scaler", "line": 307}
{"timestamp": "2025-10-19T19:42:53.247273", "level": "ERROR", "message": "Um ou ambos os scalers n\u00e3o puderam ser carregados. O preditor pode n\u00e3o funcionar.", "name": "atcoin", "module": "rnn_predictor", "function": "_load_model_and_scalers", "line": 344}
{"timestamp": "2025-10-19T19:42:53.247273", "level": "INFO", "message": "\u2705 Modelo RNN e scalers carregados com sucesso no estado da aplica\u00e7\u00e3o.", "name": "atcoin", "module": "app", "function": "lifespan", "line": 77}
{"timestamp": "2025-10-19T20:08:02.877735", "level": "INFO", "message": "\u2705 Templates e arquivos est\u00e1ticos carregados.", "name": "atcoin", "module": "app", "function": "<module>", "line": 107}
{"timestamp": "2025-10-19T20:08:03.496917", "level": "INFO", "message": "Iniciando ciclo de vida da aplica\u00e7\u00e3o...", "name": "atcoin", "module": "app", "function": "lifespan", "line": 61}
{"timestamp": "2025-10-19T20:08:03.497916", "level": "INFO", "message": "RNNPredictor: Carregando modelo de src/model/model.h5...", "name": "atcoin", "module": "rnn_predictor", "function": "_load_model_and_scalers", "line": 314}
{"timestamp": "2025-10-19T20:08:03.738422", "level": "ERROR", "message": "RNNPredictor: Falha ao carregar modelo Keras: Unable to synchronously open file (file signature not found)", "name": "atcoin", "module": "rnn_predictor", "function": "_load_model_and_scalers", "line": 323}
{"timestamp": "2025-10-19T20:08:03.743409", "level": "ERROR", "message": "Erro ao carregar scaler Price/Volume (API) de src/model/price_volume_atr_norm_scaler.joblib: 118", "name": "atcoin", "module": "rnn_predictor", "function": "_load_scaler", "line": 307}
{"timestamp": "2025-10-19T20:08:03.746400", "level": "ERROR", "message": "Erro ao carregar scaler Indicator (API) de src/model/other_indicators_scaler.joblib: 118", "name": "atcoin", "module": "rnn_predictor", "function": "_load_scaler", "line": 307}
{"timestamp": "2025-10-19T20:08:03.747399", "level": "ERROR", "message": "Um ou ambos os scalers n\u00e3o puderam ser carregados. O preditor pode n\u00e3o funcionar.", "name": "atcoin", "module": "rnn_predictor", "function": "_load_model_and_scalers", "line": 344}
{"timestamp": "2025-10-19T20:08:03.747399", "level": "INFO", "message": "\u2705 Modelo RNN e scalers carregados com sucesso no estado da aplica\u00e7\u00e3o.", "name": "atcoin", "module": "app", "function": "lifespan", "line": 77}
{"timestamp": "2025-10-19T20:15:09.716225", "level": "WARNING", "message": "AIBANK_API_KEY n\u00e3o configurada. Permitindo acesso.", "name": "atcoin", "module": "app", "function": "verify_aibank_key", "line": 320}
{"timestamp": "2025-10-19T20:15:09.756541", "level": "INFO", "message": "Requisi\u00e7\u00e3o de investimento recebida para cliente: test-client", "name": "atcoin", "module": "app", "function": "initiate_investment", "line": 328}
{"timestamp": "2025-10-19T20:15:09.916888", "level": "INFO", "message": "BG TASK [09e281a0-2acb-4d40-8623-fe633691a012]: Iniciando orquestra\u00e7\u00e3o do ciclo de investimento.", "name": "atcoin", "module": "app", "function": "execute_investment_strategy_background", "line": 246}
{"timestamp": "2025-10-19T20:15:09.916888", "level": "INFO", "message": "Inicializando exchange: binance", "name": "atcoin", "module": "ccxt_utils", "function": "get_ccxt_exchange", "line": 30}
{"timestamp": "2025-10-19T20:15:12.121963", "level": "INFO", "message": "\u2705 Conex\u00e3o com binance estabelecida com sucesso.", "name": "atcoin", "module": "ccxt_utils", "function": "get_ccxt_exchange", "line": 46}
{"timestamp": "2025-10-19T20:15:12.121963", "level": "INFO", "message": "BG TASK [09e281a0-2acb-4d40-8623-fe633691a012]: Iniciando coleta de dados de mercado.", "name": "atcoin", "module": "app", "function": "_collect_market_data", "line": 144}
{"timestamp": "2025-10-19T20:15:12.121963", "level": "INFO", "message": "Coletando dados para pares: ['BTC/USDT', 'ETH/USDT', 'SOL/USDT', 'ADA/USDT']", "name": "atcoin", "module": "ccxt_utils", "function": "fetch_crypto_data", "line": 272}
{"timestamp": "2025-10-19T20:15:34.456800", "level": "INFO", "message": "BG TASK [09e281a0-2acb-4d40-8623-fe633691a012]: Coleta de dados de mercado conclu\u00edda.", "name": "atcoin", "module": "app", "function": "_collect_market_data", "line": 171}
{"timestamp": "2025-10-19T20:15:34.456800", "level": "INFO", "message": "BG TASK [09e281a0-2acb-4d40-8623-fe633691a012]: Executando an\u00e1lise da RNN.", "name": "atcoin", "module": "app", "function": "_run_rnn_analysis", "line": 176}
{"timestamp": "2025-10-19T20:15:34.456800", "level": "ERROR", "message": "BG TASK [09e281a0-2acb-4d40-8623-fe633691a012]: Modelo RNN n\u00e3o carregado. Abortando an\u00e1lise.", "name": "atcoin", "module": "app", "function": "_run_rnn_analysis", "line": 180}
{"timestamp": "2025-10-19T20:15:34.456800", "level": "INFO", "message": "BG TASK [09e281a0-2acb-4d40-8623-fe633691a012]: Executando 0 trades.", "name": "atcoin", "module": "app", "function": "_execute_trades", "line": 205}
{"timestamp": "2025-10-19T20:15:34.456800", "level": "INFO", "message": "BG TASK [09e281a0-2acb-4d40-8623-fe633691a012]: Fechando conex\u00e3o com a exchange.", "name": "atcoin", "module": "app", "function": "execute_investment_strategy_background", "line": 287}
{"timestamp": "2025-10-19T20:15:34.769354", "level": "ERROR", "message": "Configura\u00e7\u00e3o de callback ausente. N\u00e3o \u00e9 poss\u00edvel notificar o AIBank.", "name": "atcoin", "module": "app", "function": "_send_callback_to_aibank", "line": 226}
{"timestamp": "2025-10-19T20:16:07.202276", "level": "INFO", "message": "\u2705 Templates e arquivos est\u00e1ticos carregados.", "name": "atcoin", "module": "app", "function": "<module>", "line": 107}
{"timestamp": "2025-10-19T20:31:28.572506", "level": "INFO", "message": "Requisi\u00e7\u00e3o de investimento recebida para cliente: test-client-2", "name": "atcoin", "module": "app", "function": "initiate_investment", "line": 328}
{"timestamp": "2025-10-19T20:31:28.715871", "level": "INFO", "message": "BG TASK [f13bb540-4faf-4f42-a2e8-d86bfa143aed]: Iniciando orquestra\u00e7\u00e3o do ciclo de investimento.", "name": "atcoin", "module": "app", "function": "execute_investment_strategy_background", "line": 246}
{"timestamp": "2025-10-19T20:31:28.715871", "level": "INFO", "message": "Inicializando exchange: binance", "name": "atcoin", "module": "ccxt_utils", "function": "get_ccxt_exchange", "line": 30}
{"timestamp": "2025-10-19T20:31:32.349676", "level": "INFO", "message": "\u2705 Conex\u00e3o com binance estabelecida com sucesso.", "name": "atcoin", "module": "ccxt_utils", "function": "get_ccxt_exchange", "line": 46}
{"timestamp": "2025-10-19T20:31:32.349676", "level": "INFO", "message": "BG TASK [f13bb540-4faf-4f42-a2e8-d86bfa143aed]: Iniciando coleta de dados de mercado.", "name": "atcoin", "module": "app", "function": "_collect_market_data", "line": 144}
{"timestamp": "2025-10-19T20:31:32.349676", "level": "INFO", "message": "Coletando dados para pares: ['BTC/USDT', 'ETH/USDT', 'SOL/USDT', 'ADA/USDT']", "name": "atcoin", "module": "ccxt_utils", "function": "fetch_crypto_data", "line": 272}
{"timestamp": "2025-10-19T20:31:37.612818", "level": "INFO", "message": "\u2705 Templates e arquivos est\u00e1ticos carregados.", "name": "atcoin", "module": "app", "function": "<module>", "line": 117}
{"timestamp": "2025-10-19T20:31:50.760674", "level": "INFO", "message": "BG TASK [f13bb540-4faf-4f42-a2e8-d86bfa143aed]: Coleta de dados de mercado conclu\u00edda.", "name": "atcoin", "module": "app", "function": "_collect_market_data", "line": 171}
{"timestamp": "2025-10-19T20:31:50.761670", "level": "INFO", "message": "BG TASK [f13bb540-4faf-4f42-a2e8-d86bfa143aed]: Executando an\u00e1lise da RNN.", "name": "atcoin", "module": "app", "function": "_run_rnn_analysis", "line": 176}
{"timestamp": "2025-10-19T20:31:50.761670", "level": "ERROR", "message": "BG TASK [f13bb540-4faf-4f42-a2e8-d86bfa143aed]: Modelo RNN n\u00e3o carregado. Abortando an\u00e1lise.", "name": "atcoin", "module": "app", "function": "_run_rnn_analysis", "line": 180}
{"timestamp": "2025-10-19T20:31:50.761670", "level": "INFO", "message": "BG TASK [f13bb540-4faf-4f42-a2e8-d86bfa143aed]: Executando 0 trades.", "name": "atcoin", "module": "app", "function": "_execute_trades", "line": 205}
{"timestamp": "2025-10-19T20:31:50.761670", "level": "INFO", "message": "BG TASK [f13bb540-4faf-4f42-a2e8-d86bfa143aed]: Fechando conex\u00e3o com a exchange.", "name": "atcoin", "module": "app", "function": "execute_investment_strategy_background", "line": 287}
{"timestamp": "2025-10-19T20:31:51.163792", "level": "ERROR", "message": "Configura\u00e7\u00e3o de callback ausente. N\u00e3o \u00e9 poss\u00edvel notificar o AIBank.", "name": "atcoin", "module": "app", "function": "_send_callback_to_aibank", "line": 226}
{"timestamp": "2025-10-19T20:32:06.049960", "level": "INFO", "message": "Requisi\u00e7\u00e3o de investimento recebida para cliente: fast-test-client", "name": "atcoin", "module": "app", "function": "initiate_investment", "line": 328}
{"timestamp": "2025-10-19T20:32:06.055035", "level": "INFO", "message": "BG TASK [b316bcf7-0616-4217-9367-8ffdc83a0707]: Iniciando orquestra\u00e7\u00e3o do ciclo de investimento.", "name": "atcoin", "module": "app", "function": "execute_investment_strategy_background", "line": 246}
{"timestamp": "2025-10-19T20:32:06.055035", "level": "INFO", "message": "Inicializando exchange: binance", "name": "atcoin", "module": "ccxt_utils", "function": "get_ccxt_exchange", "line": 30}
{"timestamp": "2025-10-19T20:32:07.235119", "level": "INFO", "message": "\u2705 Templates e arquivos est\u00e1ticos carregados.", "name": "atcoin", "module": "app", "function": "<module>", "line": 107}
{"timestamp": "2025-10-19T20:32:08.174971", "level": "INFO", "message": "\u2705 Conex\u00e3o com binance estabelecida com sucesso.", "name": "atcoin", "module": "ccxt_utils", "function": "get_ccxt_exchange", "line": 46}
{"timestamp": "2025-10-19T20:32:08.174971", "level": "INFO", "message": "BG TASK [b316bcf7-0616-4217-9367-8ffdc83a0707]: Iniciando coleta de dados de mercado.", "name": "atcoin", "module": "app", "function": "_collect_market_data", "line": 144}
{"timestamp": "2025-10-19T20:32:08.174971", "level": "INFO", "message": "Coletando dados para pares: ['BTC/USDT', 'ETH/USDT', 'SOL/USDT', 'ADA/USDT']", "name": "atcoin", "module": "ccxt_utils", "function": "fetch_crypto_data", "line": 272}
{"timestamp": "2025-10-19T20:32:16.445195", "level": "INFO", "message": "\u2705 Templates e arquivos est\u00e1ticos carregados.", "name": "atcoin", "module": "app", "function": "<module>", "line": 117}
{"timestamp": "2025-10-19T20:32:47.465108", "level": "INFO", "message": "\u2705 Templates e arquivos est\u00e1ticos carregados.", "name": "atcoin", "module": "app", "function": "<module>", "line": 117}
{"timestamp": "2025-10-19T20:35:22.929695", "level": "INFO", "message": "\u2705 Templates e arquivos est\u00e1ticos carregados.", "name": "atcoin", "module": "app", "function": "<module>", "line": 140}
{"timestamp": "2025-10-19T20:35:23.507812", "level": "INFO", "message": "Requisi\u00e7\u00e3o de investimento recebida para cliente: auto-e2e", "name": "atcoin", "module": "app", "function": "initiate_investment", "line": 379}
{"timestamp": "2025-10-19T20:35:23.507812", "level": "INFO", "message": "BG TASK [feb7c683-7cd0-451d-93f0-2d25c3f60b08]: Iniciando orquestra\u00e7\u00e3o do ciclo de investimento.", "name": "atcoin", "module": "app", "function": "execute_investment_strategy_background", "line": 279}
{"timestamp": "2025-10-19T20:35:23.507812", "level": "INFO", "message": "BG TASK [feb7c683-7cd0-451d-93f0-2d25c3f60b08]: FAST_TEST_CALLBACK active - sending immediate simulated callback.", "name": "atcoin", "module": "app", "function": "execute_investment_strategy_background", "line": 289}
{"timestamp": "2025-10-19T20:35:23.507812", "level": "ERROR", "message": "Configura\u00e7\u00e3o de callback ausente. N\u00e3o \u00e9 poss\u00edvel notificar o AIBank.", "name": "atcoin", "module": "app", "function": "_send_callback_to_aibank", "line": 259}
{"timestamp": "2025-10-19T20:35:46.734881", "level": "INFO", "message": "\u2705 Templates e arquivos est\u00e1ticos carregados.", "name": "atcoin", "module": "app", "function": "<module>", "line": 140}
{"timestamp": "2025-10-19T20:35:47.711716", "level": "INFO", "message": "Requisi\u00e7\u00e3o de investimento recebida para cliente: auto-e2e-2", "name": "atcoin", "module": "app", "function": "initiate_investment", "line": 379}
{"timestamp": "2025-10-19T20:35:47.742645", "level": "INFO", "message": "BG TASK [2d5e1bd6-f18c-4321-b6d7-eef8b51e7096]: Iniciando orquestra\u00e7\u00e3o do ciclo de investimento.", "name": "atcoin", "module": "app", "function": "execute_investment_strategy_background", "line": 279}
{"timestamp": "2025-10-19T20:35:47.742645", "level": "INFO", "message": "BG TASK [2d5e1bd6-f18c-4321-b6d7-eef8b51e7096]: FAST_TEST_CALLBACK active - sending immediate simulated callback.", "name": "atcoin", "module": "app", "function": "execute_investment_strategy_background", "line": 289}
{"timestamp": "2025-10-19T20:35:47.742645", "level": "ERROR", "message": "Configura\u00e7\u00e3o de callback ausente. N\u00e3o \u00e9 poss\u00edvel notificar o AIBank.", "name": "atcoin", "module": "app", "function": "_send_callback_to_aibank", "line": 259}
{"timestamp": "2025-10-19T20:38:14.374361", "level": "INFO", "message": "\u2705 Templates e arquivos est\u00e1ticos carregados.", "name": "atcoin", "module": "app", "function": "<module>", "line": 140}
{"timestamp": "2025-10-19T20:44:12.948211", "level": "INFO", "message": "\u2705 Templates e arquivos est\u00e1ticos carregados.", "name": "atcoin", "module": "app", "function": "<module>", "line": 140}
{"timestamp": "2025-10-19T20:44:13.763548", "level": "INFO", "message": "Requisi\u00e7\u00e3o de investimento recebida para cliente: clean-e2e", "name": "atcoin", "module": "app", "function": "initiate_investment", "line": 379}
{"timestamp": "2025-10-19T20:44:13.764546", "level": "INFO", "message": "BG TASK [0844bd01-4980-40fa-855b-a92c49d2e585]: Iniciando orquestra\u00e7\u00e3o do ciclo de investimento.", "name": "atcoin", "module": "app", "function": "execute_investment_strategy_background", "line": 279}
{"timestamp": "2025-10-19T20:44:13.764546", "level": "INFO", "message": "BG TASK [0844bd01-4980-40fa-855b-a92c49d2e585]: FAST_TEST_CALLBACK active - sending immediate simulated callback.", "name": "atcoin", "module": "app", "function": "execute_investment_strategy_background", "line": 289}
{"timestamp": "2025-10-19T20:44:13.764546", "level": "ERROR", "message": "Configura\u00e7\u00e3o de callback ausente. N\u00e3o \u00e9 poss\u00edvel notificar o AIBank.", "name": "atcoin", "module": "app", "function": "_send_callback_to_aibank", "line": 259}
