{"timestamp": "2025-08-03T15:15:10.409552", "level": "WARNING", "message": "N\u00e3o foi poss\u00edvel montar /static ou carregar templates: Directory 'rnn/static' does not exist. O dashboard pode n\u00e3o funcionar.", "name": "atcoin", "module": "app", "function": "<module>", "line": 720}
{"timestamp": "2025-08-03T15:25:30.154905", "level": "ERROR", "message": "\u274c Falha ao carregar templates ou arquivos est\u00e1ticos: 'dashboard.html' not found in search path: './templates'", "name": "atcoin", "module": "app", "function": "<module>", "line": 899}
{"timestamp": "2025-08-03T15:26:42.269149", "level": "ERROR", "message": "\u274c Falha ao carregar o modelo RNN: RNNModelPredictor.__init__() missing 5 required positional arguments: 'model_dir', 'model_filename', 'pv_scaler_filename', 'ind_scaler_filename', and 'logger_instance'", "name": "atcoin", "module": "app", "function": "startup_event", "line": 833}
{"timestamp": "2025-08-03T15:26:52.778727", "level": "WARNING", "message": "\u26a0\ufe0f Template n\u00e3o dispon\u00edvel. Retornando erro de dashboard.", "name": "atcoin", "module": "app", "function": "dashboard", "line": 905}
{"timestamp": "2025-08-03T15:41:00.988549", "level": "ERROR", "message": "\u274c Falha ao carregar templates ou arquivos est\u00e1ticos: 'dashboard.html' not found in search path: './templates'", "name": "atcoin", "module": "app", "function": "<module>", "line": 926}
{"timestamp": "2025-08-03T15:44:48.754147", "level": "ERROR", "message": "\u274c Falha ao carregar templates ou arquivos est\u00e1ticos: 'dashboard.html' not found in search path: './templates'", "name": "atcoin", "module": "app", "function": "<module>", "line": 926}
{"timestamp": "2025-08-03T15:44:58.008282", "level": "WARNING", "message": "\u26a0\ufe0f Template n\u00e3o dispon\u00edvel. Retornando erro de dashboard.", "name": "atcoin", "module": "app", "function": "dashboard", "line": 932}
{"timestamp": "2025-08-03T15:52:12.601737", "level": "ERROR", "message": "\u274c Falha ao carregar templates ou arquivos est\u00e1ticos: 'dashboard.html' not found in search path: './templates'", "name": "atcoin", "module": "app", "function": "<module>", "line": 899}
{"timestamp": "2025-08-03T15:52:12.760870", "level": "ERROR", "message": "\u274c Falha ao carregar o modelo RNN: RNNModelPredictor.__init__() missing 5 required positional arguments: 'model_dir', 'model_filename', 'pv_scaler_filename', 'ind_scaler_filename', and 'logger_instance'", "name": "atcoin", "module": "app", "function": "startup_event", "line": 833}
{"timestamp": "2025-08-03T15:52:32.704173", "level": "WARNING", "message": "\u26a0\ufe0f Template n\u00e3o dispon\u00edvel. Retornando erro de dashboard.", "name": "atcoin", "module": "app", "function": "dashboard", "line": 905}
{"timestamp": "2025-08-03T16:07:28.103418", "level": "WARNING", "message": "\u26a0\ufe0f Template n\u00e3o dispon\u00edvel. Retornando erro de dashboard.", "name": "atcoin", "module": "app", "function": "dashboard", "line": 905}
{"timestamp": "2025-08-03T16:08:33.198731", "level": "INFO", "message": "\u2705 Templates e arquivos est\u00e1ticos carregados com sucesso.", "name": "atcoin", "module": "app", "function": "<module>", "line": 897}
{"timestamp": "2025-08-03T16:08:33.324840", "level": "ERROR", "message": "\u274c Falha ao carregar o modelo RNN: RNNModelPredictor.__init__() missing 5 required positional arguments: 'model_dir', 'model_filename', 'pv_scaler_filename', 'ind_scaler_filename', and 'logger_instance'", "name": "atcoin", "module": "app", "function": "startup_event", "line": 833}
{"timestamp": "2025-08-03T16:16:25.290073", "level": "ERROR", "message": "\u274c Falha ao carregar templates ou arquivos est\u00e1ticos: Directory '/static' does not exist", "name": "atcoin", "module": "app", "function": "<module>", "line": 899}
{"timestamp": "2025-08-03T16:16:25.605261", "level": "ERROR", "message": "\u274c Falha ao carregar o modelo RNN: RNNModelPredictor.__init__() missing 5 required positional arguments: 'model_dir', 'model_filename', 'pv_scaler_filename', 'ind_scaler_filename', and 'logger_instance'", "name": "atcoin", "module": "app", "function": "startup_event", "line": 833}
{"timestamp": "2025-08-03T16:17:23.891734", "level": "WARNING", "message": "\u26a0\ufe0f Template n\u00e3o dispon\u00edvel. Retornando erro de dashboard.", "name": "atcoin", "module": "app", "function": "dashboard", "line": 905}
{"timestamp": "2025-08-03T16:18:29.336987", "level": "WARNING", "message": "\u26a0\ufe0f Template n\u00e3o dispon\u00edvel. Retornando erro de dashboard.", "name": "atcoin", "module": "app", "function": "dashboard", "line": 905}
{"timestamp": "2025-08-03T16:24:42.636991", "level": "INFO", "message": "\u2705 Templates e arquivos est\u00e1ticos carregados com sucesso.", "name": "atcoin", "module": "app", "function": "<module>", "line": 897}
{"timestamp": "2025-08-03T16:40:28.183805", "level": "ERROR", "message": "\u274c Falha ao carregar o modelo RNN: RNNModelPredictor.__init__() missing 5 required positional arguments: 'model_dir', 'model_filename', 'pv_scaler_filename', 'ind_scaler_filename', and 'logger_instance'", "name": "atcoin", "module": "app", "function": "startup_event", "line": 833}
{"timestamp": "2025-08-03T16:41:15.392529", "level": "INFO", "message": "\u2705 Templates e arquivos est\u00e1ticos carregados com sucesso.", "name": "atcoin", "module": "app", "function": "<module>", "line": 911}
{"timestamp": "2025-08-03T16:41:15.725414", "level": "ERROR", "message": "\u274c Falha ao carregar o modelo: name 'true' is not defined", "name": "atcoin", "module": "app", "function": "startup_event", "line": 847}
{"timestamp": "2025-08-03T17:38:14.425960", "level": "INFO", "message": "\u2705 Templates e arquivos est\u00e1ticos carregados com sucesso.", "name": "atcoin", "module": "app", "function": "<module>", "line": 911}
{"timestamp": "2025-08-03T17:38:15.023965", "level": "ERROR", "message": "\u274c Falha ao carregar o modelo: 'bool' object is not callable", "name": "atcoin", "module": "app", "function": "startup_event", "line": 847}
{"timestamp": "2025-08-03T17:43:26.334082", "level": "INFO", "message": "\u2705 Templates e arquivos est\u00e1ticos carregados com sucesso.", "name": "atcoin", "module": "app", "function": "<module>", "line": 911}
{"timestamp": "2025-08-03T17:43:26.530468", "level": "ERROR", "message": "\u274c Falha ao carregar o modelo: 'bool' object is not callable", "name": "atcoin", "module": "app", "function": "startup_event", "line": 847}
{"timestamp": "2025-08-03T18:16:12.567128", "level": "WARNING", "message": "Chave de API inv\u00e1lida fornecida pelo AIBank. Token: hf_oLfdAdk...", "name": "atcoin", "module": "app", "function": "verify_aibank_key", "line": 113}
{"timestamp": "2025-08-03T18:22:07.478067", "level": "WARNING", "message": "Chave de API inv\u00e1lida fornecida pelo AIBank. Token: hf_oLfdAdk...", "name": "atcoin", "module": "app", "function": "verify_aibank_key", "line": 113}
{"timestamp": "2025-08-03T18:34:14.896911", "level": "WARNING", "message": "Chave de API inv\u00e1lida fornecida pelo AIBank. Token: hf_oLfdAdk...", "name": "atcoin", "module": "app", "function": "verify_aibank_key", "line": 113}
{"timestamp": "2025-08-03T18:37:05.674525", "level": "WARNING", "message": "Chave de API inv\u00e1lida fornecida pelo AIBank. Token: hf_oLfdAdk...", "name": "atcoin", "module": "app", "function": "verify_aibank_key", "line": 113}
{"timestamp": "2025-08-03T18:38:22.343020", "level": "INFO", "message": "\u2705 Templates e arquivos est\u00e1ticos carregados com sucesso.", "name": "atcoin", "module": "app", "function": "<module>", "line": 913}
{"timestamp": "2025-08-03T18:38:22.545238", "level": "ERROR", "message": "\u274c Falha ao carregar o modelo: 'bool' object is not callable", "name": "atcoin", "module": "app", "function": "startup_event", "line": 849}
{"timestamp": "2025-08-03T18:38:52.931239", "level": "WARNING", "message": "Chave de API inv\u00e1lida fornecida pelo AIBank. Token: hf_oLfdAdk...", "name": "atcoin", "module": "app", "function": "verify_aibank_key", "line": 115}
{"timestamp": "2025-08-03T18:42:40.040164", "level": "INFO", "message": "\u2705 Templates e arquivos est\u00e1ticos carregados com sucesso.", "name": "atcoin", "module": "app", "function": "<module>", "line": 913}
{"timestamp": "2025-08-03T18:42:46.411717", "level": "ERROR", "message": "\u274c Falha ao carregar o modelo: 'bool' object is not callable", "name": "atcoin", "module": "app", "function": "startup_event", "line": 849}
{"timestamp": "2025-08-03T18:43:24.349665", "level": "WARNING", "message": "Chave de API inv\u00e1lida fornecida pelo AIBank. Token: hf_oLfdAdk...", "name": "atcoin", "module": "app", "function": "verify_aibank_key", "line": 115}
{"timestamp": "2025-08-03T18:50:46.745846", "level": "INFO", "message": "\u2705 Templates e arquivos est\u00e1ticos carregados com sucesso.", "name": "atcoin", "module": "app", "function": "<module>", "line": 938}
{"timestamp": "2025-08-03T18:50:46.987265", "level": "ERROR", "message": "\u274c Falha ao carregar o modelo: 'bool' object is not callable", "name": "atcoin", "module": "app", "function": "startup_event", "line": 874}
{"timestamp": "2025-08-03T18:51:14.044263", "level": "WARNING", "message": "Chave de API inv\u00e1lida fornecida pelo AIBank. Token: hf_oLfdAdk...", "name": "atcoin", "module": "app", "function": "verify_aibank_key", "line": 140}
{"timestamp": "2025-08-03T18:53:33.004917", "level": "WARNING", "message": "Chave de API inv\u00e1lida fornecida pelo AIBank. Token: hf_oLfdAdk...", "name": "atcoin", "module": "app", "function": "verify_aibank_key", "line": 140}
{"timestamp": "2025-08-03T19:11:48.351742", "level": "WARNING", "message": "Chave de API inv\u00e1lida fornecida pelo AIBank. Token: hf_oLfdAdk...", "name": "atcoin", "module": "app", "function": "verify_aibank_key", "line": 140}
{"timestamp": "2025-08-03T19:13:36.604348", "level": "WARNING", "message": "Chave de API inv\u00e1lida fornecida pelo AIBank. Token: hf_oLfdAdk...", "name": "atcoin", "module": "app", "function": "verify_aibank_key", "line": 140}
{"timestamp": "2025-08-03T19:18:38.536019", "level": "WARNING", "message": "Chave de API inv\u00e1lida fornecida pelo AIBank. Token: hf_oLfdAdk...", "name": "atcoin", "module": "app", "function": "verify_aibank_key", "line": 140}
{"timestamp": "2025-08-03T19:21:04.091713", "level": "INFO", "message": "API Key do AIBank verificada com sucesso.", "name": "atcoin", "module": "app", "function": "verify_aibank_key", "line": 142}
{"timestamp": "2025-08-03T19:21:04.192958", "level": "INFO", "message": "Requisi\u00e7\u00e3o de investimento recebida para client_id: 164761607, amount: 17.54, aibank_tx_token: At0R6ebAME5rvFAFv2vfdniyamxdjIN3ouw9NcVU0jBuejrMRlpt2070wKwNGOil", "name": "atcoin", "module": "app", "function": "initiate_investment", "line": 889}
{"timestamp": "2025-08-03T19:21:04.225767", "level": "INFO", "message": "Estrat\u00e9gia de investimento para rnn_tx_id: 9128296e-a38a-4ab0-83fc-9919232a5f24 agendada para execu\u00e7\u00e3o em background.", "name": "atcoin", "module": "app", "function": "initiate_investment", "line": 914}
{"timestamp": "2025-08-03T19:21:04.249897", "level": "INFO", "message": "BG TASK [9128296e-a38a-4ab0-83fc-9919232a5f24]: Iniciando estrat\u00e9gia de investimento para cliente 164761607, valor 17.54.", "name": "atcoin", "module": "app", "function": "execute_investment_strategy_background", "line": 152}
{"timestamp": "2025-08-03T19:21:04.260562", "level": "WARNING", "message": "CCXT_API_KEY ou CCXT_API_SECRET n\u00e3o configurados. N\u00e3o \u00e9 poss\u00edvel inicializar a exchange.", "name": "atcoin", "module": "ccxt_utils", "function": "get_ccxt_exchange", "line": 24}
{"timestamp": "2025-08-03T19:21:04.260881", "level": "WARNING", "message": "BG TASK [9128296e-a38a-4ab0-83fc-9919232a5f24]: Falha ao inicializar a exchange.", "name": "atcoin", "module": "app", "function": "execute_investment_strategy_background", "line": 163}
{"timestamp": "2025-08-03T19:21:04.265336", "level": "INFO", "message": "BG TASK [9128296e-a38a-4ab0-83fc-9919232a5f24]: Coletando dados de mercado...", "name": "atcoin", "module": "app", "function": "execute_investment_strategy_background", "line": 172}
{"timestamp": "2025-08-03T19:21:04.276898", "level": "WARNING", "message": "BG TASK [9128296e-a38a-4ab0-83fc-9919232a5f24]: Exchange n\u00e3o dispon\u00edvel para coleta de cripto.", "name": "atcoin", "module": "app", "function": "execute_investment_strategy_background", "line": 213}
{"timestamp": "2025-08-03T19:21:10.740378", "level": "ERROR", "message": "BG TASK [9128296e-a38a-4ab0-83fc-9919232a5f24]: Falha ao coletar dados de a\u00e7\u00f5es: name 'calculate_rsi' is not defined", "name": "atcoin", "module": "app", "function": "execute_investment_strategy_background", "line": 242}
