{"timestamp": "2025-08-08T08:12:59.830080", "level": "INFO", "message": "\u2705 Templates e arquivos est\u00e1ticos carregados.", "name": "atcoin", "module": "app", "function": "<module>", "line": 73}
{"timestamp": "2025-08-08T08:12:59.845480", "level": "INFO", "message": "\ud83d\udd25 Iniciando servidor Uvicorn na porta 7860...", "name": "atcoin", "module": "app", "function": "<module>", "line": 347}
{"timestamp": "2025-08-08T08:13:00.033371", "level": "INFO", "message": "\u2705 Templates e arquivos est\u00e1ticos carregados.", "name": "atcoin", "module": "app", "function": "<module>", "line": 73}
{"timestamp": "2025-08-08T08:13:00.044076", "level": "INFO", "message": "RNNPredictor: Carregando modelo de src/model/model.h5...", "name": "atcoin", "module": "rnn_predictor", "function": "_load_model_and_scalers", "line": 328}
{"timestamp": "2025-08-08T08:13:00.047874", "level": "ERROR", "message": "RNNPredictor: Falha cr\u00edtica ao carregar modelo ou scalers: Unable to synchronously open file (file signature not found)", "name": "atcoin", "module": "rnn_predictor", "function": "_load_model_and_scalers", "line": 348}
{"timestamp": "2025-08-08T08:13:00.048262", "level": "INFO", "message": "RNNPredictor: Carregando modelo de src/model/model.h5...", "name": "atcoin", "module": "rnn_predictor", "function": "_load_model_and_scalers", "line": 328}
{"timestamp": "2025-08-08T08:13:00.049254", "level": "ERROR", "message": "RNNPredictor: Falha cr\u00edtica ao carregar modelo ou scalers: Unable to synchronously open file (file signature not found)", "name": "atcoin", "module": "rnn_predictor", "function": "_load_model_and_scalers", "line": 348}
{"timestamp": "2025-08-08T08:13:00.049654", "level": "ERROR", "message": "\u274c FALHA CR\u00cdTICA ao carregar modelo RNN na inicializa\u00e7\u00e3o: 'RNNModelPredictor' object has no attribute 'load_model'", "name": "atcoin", "module": "app", "function": "startup_event", "line": 293}
{"timestamp": "2025-08-08T08:13:34.876892", "level": "INFO", "message": "Requisi\u00e7\u00e3o de investimento recebida para cliente: diagnose-123", "name": "atcoin", "module": "app", "function": "initiate_investment", "line": 305}
{"timestamp": "2025-08-08T08:13:34.885531", "level": "INFO", "message": "BG TASK [6f669e93-a481-4cf5-bb22-1cb2519c2093]: Iniciando orquestra\u00e7\u00e3o do ciclo de investimento.", "name": "atcoin", "module": "app", "function": "execute_investment_strategy_background", "line": 211}
{"timestamp": "2025-08-08T08:13:34.886760", "level": "INFO", "message": "Inicializando exchange: binance", "name": "atcoin", "module": "ccxt_utils", "function": "get_ccxt_exchange", "line": 30}
{"timestamp": "2025-08-08T08:13:36.450281", "level": "INFO", "message": "\u2705 Conex\u00e3o com binance estabelecida com sucesso.", "name": "atcoin", "module": "ccxt_utils", "function": "get_ccxt_exchange", "line": 46}
{"timestamp": "2025-08-08T08:13:36.450677", "level": "INFO", "message": "BG TASK [6f669e93-a481-4cf5-bb22-1cb2519c2093]: Iniciando coleta de dados de mercado.", "name": "atcoin", "module": "app", "function": "_collect_market_data", "line": 109}
{"timestamp": "2025-08-08T08:13:36.450968", "level": "INFO", "message": "Coletando dados para pares: ['BTC/USDT', 'ETH/USDT', 'SOL/USDT', 'ADA/USDT']", "name": "atcoin", "module": "ccxt_utils", "function": "fetch_crypto_data", "line": 272}
{"timestamp": "2025-08-08T08:13:50.053905", "level": "INFO", "message": "BG TASK [6f669e93-a481-4cf5-bb22-1cb2519c2093]: Coleta de dados de mercado conclu\u00edda.", "name": "atcoin", "module": "app", "function": "_collect_market_data", "line": 136}
{"timestamp": "2025-08-08T08:13:50.054679", "level": "INFO", "message": "BG TASK [6f669e93-a481-4cf5-bb22-1cb2519c2093]: Executando an\u00e1lise da RNN.", "name": "atcoin", "module": "app", "function": "_run_rnn_analysis", "line": 141}
{"timestamp": "2025-08-08T08:13:50.055682", "level": "ERROR", "message": "BG TASK [6f669e93-a481-4cf5-bb22-1cb2519c2093]: Modelo RNN n\u00e3o carregado. Abortando an\u00e1lise.", "name": "atcoin", "module": "app", "function": "_run_rnn_analysis", "line": 145}
{"timestamp": "2025-08-08T08:13:50.056065", "level": "INFO", "message": "BG TASK [6f669e93-a481-4cf5-bb22-1cb2519c2093]: Executando 0 trades.", "name": "atcoin", "module": "app", "function": "_execute_trades", "line": 170}
{"timestamp": "2025-08-08T08:13:50.056355", "level": "INFO", "message": "BG TASK [6f669e93-a481-4cf5-bb22-1cb2519c2093]: Fechando conex\u00e3o com a exchange.", "name": "atcoin", "module": "app", "function": "execute_investment_strategy_background", "line": 252}
{"timestamp": "2025-08-08T08:13:50.446144", "level": "ERROR", "message": "Falha CR\u00cdTICA ao enviar callback para AIBank: All connection attempts failed", "name": "atcoin", "module": "app", "function": "_send_callback_to_aibank", "line": 204}
{"timestamp": "2025-08-08T08:14:31.580638", "level": "INFO", "message": "\u2705 Templates e arquivos est\u00e1ticos carregados.", "name": "atcoin", "module": "app", "function": "<module>", "line": 73}
{"timestamp": "2025-08-08T08:14:31.607668", "level": "INFO", "message": "\ud83d\udd25 Iniciando servidor Uvicorn na porta 7860...", "name": "atcoin", "module": "app", "function": "<module>", "line": 347}
{"timestamp": "2025-08-08T08:14:31.711849", "level": "INFO", "message": "\u2705 Templates e arquivos est\u00e1ticos carregados.", "name": "atcoin", "module": "app", "function": "<module>", "line": 73}
{"timestamp": "2025-08-08T08:14:31.746383", "level": "INFO", "message": "RNNPredictor: Carregando modelo de src/model/model.h5...", "name": "atcoin", "module": "rnn_predictor", "function": "_load_model_and_scalers", "line": 328}
{"timestamp": "2025-08-08T08:14:31.750873", "level": "ERROR", "message": "RNNPredictor: Falha cr\u00edtica ao carregar modelo ou scalers: Unable to synchronously open file (file signature not found)", "name": "atcoin", "module": "rnn_predictor", "function": "_load_model_and_scalers", "line": 348}
{"timestamp": "2025-08-08T08:14:31.751253", "level": "INFO", "message": "RNNPredictor: Carregando modelo de src/model/model.h5...", "name": "atcoin", "module": "rnn_predictor", "function": "_load_model_and_scalers", "line": 328}
{"timestamp": "2025-08-08T08:14:31.752448", "level": "ERROR", "message": "RNNPredictor: Falha cr\u00edtica ao carregar modelo ou scalers: Unable to synchronously open file (file signature not found)", "name": "atcoin", "module": "rnn_predictor", "function": "_load_model_and_scalers", "line": 348}
{"timestamp": "2025-08-08T08:14:31.752828", "level": "ERROR", "message": "\u274c FALHA CR\u00cdTICA ao carregar modelo RNN na inicializa\u00e7\u00e3o: 'RNNModelPredictor' object has no attribute 'load_model'", "name": "atcoin", "module": "app", "function": "startup_event", "line": 293}
{"timestamp": "2025-08-08T08:17:51.673913", "level": "INFO", "message": "Requisi\u00e7\u00e3o de investimento recebida para cliente: diagnose-123", "name": "atcoin", "module": "app", "function": "initiate_investment", "line": 305}
{"timestamp": "2025-08-08T08:17:51.675581", "level": "INFO", "message": "BG TASK [d509f606-32e5-4728-a9c2-3f1a15cb9e25]: Iniciando orquestra\u00e7\u00e3o do ciclo de investimento.", "name": "atcoin", "module": "app", "function": "execute_investment_strategy_background", "line": 211}
{"timestamp": "2025-08-08T08:17:51.675863", "level": "INFO", "message": "Inicializando exchange: binance", "name": "atcoin", "module": "ccxt_utils", "function": "get_ccxt_exchange", "line": 30}
{"timestamp": "2025-08-08T08:17:52.559488", "level": "INFO", "message": "\u2705 Conex\u00e3o com binance estabelecida com sucesso.", "name": "atcoin", "module": "ccxt_utils", "function": "get_ccxt_exchange", "line": 46}
{"timestamp": "2025-08-08T08:17:52.559839", "level": "INFO", "message": "BG TASK [d509f606-32e5-4728-a9c2-3f1a15cb9e25]: Iniciando coleta de dados de mercado.", "name": "atcoin", "module": "app", "function": "_collect_market_data", "line": 109}
{"timestamp": "2025-08-08T08:17:52.560135", "level": "INFO", "message": "Coletando dados para pares: ['BTC/USDT', 'ETH/USDT', 'SOL/USDT', 'ADA/USDT']", "name": "atcoin", "module": "ccxt_utils", "function": "fetch_crypto_data", "line": 272}
{"timestamp": "2025-08-08T08:18:04.988199", "level": "INFO", "message": "BG TASK [d509f606-32e5-4728-a9c2-3f1a15cb9e25]: Coleta de dados de mercado conclu\u00edda.", "name": "atcoin", "module": "app", "function": "_collect_market_data", "line": 136}
{"timestamp": "2025-08-08T08:18:04.989005", "level": "INFO", "message": "BG TASK [d509f606-32e5-4728-a9c2-3f1a15cb9e25]: Executando an\u00e1lise da RNN.", "name": "atcoin", "module": "app", "function": "_run_rnn_analysis", "line": 141}
{"timestamp": "2025-08-08T08:18:04.989465", "level": "ERROR", "message": "BG TASK [d509f606-32e5-4728-a9c2-3f1a15cb9e25]: Modelo RNN n\u00e3o carregado. Abortando an\u00e1lise.", "name": "atcoin", "module": "app", "function": "_run_rnn_analysis", "line": 145}
{"timestamp": "2025-08-08T08:18:04.989862", "level": "INFO", "message": "BG TASK [d509f606-32e5-4728-a9c2-3f1a15cb9e25]: Executando 0 trades.", "name": "atcoin", "module": "app", "function": "_execute_trades", "line": 170}
{"timestamp": "2025-08-08T08:18:04.990211", "level": "INFO", "message": "BG TASK [d509f606-32e5-4728-a9c2-3f1a15cb9e25]: Fechando conex\u00e3o com a exchange.", "name": "atcoin", "module": "app", "function": "execute_investment_strategy_background", "line": 252}
{"timestamp": "2025-08-08T08:18:05.364079", "level": "ERROR", "message": "Falha CR\u00cdTICA ao enviar callback para AIBank: All connection attempts failed", "name": "atcoin", "module": "app", "function": "_send_callback_to_aibank", "line": 204}
{"timestamp": "2025-08-08T08:32:16.358353", "level": "INFO", "message": "Requisi\u00e7\u00e3o de investimento recebida para cliente: 163791607", "name": "atcoin", "module": "app", "function": "initiate_investment", "line": 305}
{"timestamp": "2025-08-08T08:32:16.426526", "level": "INFO", "message": "BG TASK [b97ed09e-6c26-4055-81f5-583335e8b86a]: Iniciando orquestra\u00e7\u00e3o do ciclo de investimento.", "name": "atcoin", "module": "app", "function": "execute_investment_strategy_background", "line": 211}
{"timestamp": "2025-08-08T08:32:16.427884", "level": "INFO", "message": "Inicializando exchange: binance", "name": "atcoin", "module": "ccxt_utils", "function": "get_ccxt_exchange", "line": 30}
{"timestamp": "2025-08-08T08:32:19.537498", "level": "INFO", "message": "\u2705 Conex\u00e3o com binance estabelecida com sucesso.", "name": "atcoin", "module": "ccxt_utils", "function": "get_ccxt_exchange", "line": 46}
{"timestamp": "2025-08-08T08:32:19.537736", "level": "INFO", "message": "BG TASK [b97ed09e-6c26-4055-81f5-583335e8b86a]: Iniciando coleta de dados de mercado.", "name": "atcoin", "module": "app", "function": "_collect_market_data", "line": 109}
{"timestamp": "2025-08-08T08:32:19.538605", "level": "INFO", "message": "Coletando dados para pares: ['BTC/USDT', 'ETH/USDT', 'SOL/USDT', 'ADA/USDT']", "name": "atcoin", "module": "ccxt_utils", "function": "fetch_crypto_data", "line": 272}
{"timestamp": "2025-08-08T08:32:31.638092", "level": "INFO", "message": "BG TASK [b97ed09e-6c26-4055-81f5-583335e8b86a]: Coleta de dados de mercado conclu\u00edda.", "name": "atcoin", "module": "app", "function": "_collect_market_data", "line": 136}
{"timestamp": "2025-08-08T08:32:31.638712", "level": "INFO", "message": "BG TASK [b97ed09e-6c26-4055-81f5-583335e8b86a]: Executando an\u00e1lise da RNN.", "name": "atcoin", "module": "app", "function": "_run_rnn_analysis", "line": 141}
{"timestamp": "2025-08-08T08:32:31.639720", "level": "ERROR", "message": "BG TASK [b97ed09e-6c26-4055-81f5-583335e8b86a]: Modelo RNN n\u00e3o carregado. Abortando an\u00e1lise.", "name": "atcoin", "module": "app", "function": "_run_rnn_analysis", "line": 145}
{"timestamp": "2025-08-08T08:32:31.640059", "level": "INFO", "message": "BG TASK [b97ed09e-6c26-4055-81f5-583335e8b86a]: Executando 0 trades.", "name": "atcoin", "module": "app", "function": "_execute_trades", "line": 170}
{"timestamp": "2025-08-08T08:32:31.640888", "level": "INFO", "message": "BG TASK [b97ed09e-6c26-4055-81f5-583335e8b86a]: Fechando conex\u00e3o com a exchange.", "name": "atcoin", "module": "app", "function": "execute_investment_strategy_background", "line": 252}
{"timestamp": "2025-08-08T08:32:32.064860", "level": "ERROR", "message": "Falha CR\u00cdTICA ao enviar callback para AIBank: All connection attempts failed", "name": "atcoin", "module": "app", "function": "_send_callback_to_aibank", "line": 204}
{"timestamp": "2025-08-08T08:43:41.065541", "level": "INFO", "message": "Requisi\u00e7\u00e3o de investimento recebida para cliente: 163791607", "name": "atcoin", "module": "app", "function": "initiate_investment", "line": 305}
{"timestamp": "2025-08-08T08:43:41.073449", "level": "INFO", "message": "BG TASK [2f38b183-03c7-4095-aa35-5a139fb34b79]: Iniciando orquestra\u00e7\u00e3o do ciclo de investimento.", "name": "atcoin", "module": "app", "function": "execute_investment_strategy_background", "line": 211}
{"timestamp": "2025-08-08T08:43:41.074243", "level": "INFO", "message": "Inicializando exchange: binance", "name": "atcoin", "module": "ccxt_utils", "function": "get_ccxt_exchange", "line": 30}
{"timestamp": "2025-08-08T08:43:41.619494", "level": "INFO", "message": "\u2705 Conex\u00e3o com binance estabelecida com sucesso.", "name": "atcoin", "module": "ccxt_utils", "function": "get_ccxt_exchange", "line": 46}
{"timestamp": "2025-08-08T08:43:41.619829", "level": "INFO", "message": "BG TASK [2f38b183-03c7-4095-aa35-5a139fb34b79]: Iniciando coleta de dados de mercado.", "name": "atcoin", "module": "app", "function": "_collect_market_data", "line": 109}
{"timestamp": "2025-08-08T08:43:41.620083", "level": "INFO", "message": "Coletando dados para pares: ['BTC/USDT', 'ETH/USDT', 'SOL/USDT', 'ADA/USDT']", "name": "atcoin", "module": "ccxt_utils", "function": "fetch_crypto_data", "line": 272}
{"timestamp": "2025-08-08T08:44:38.208808", "level": "INFO", "message": "BG TASK [2f38b183-03c7-4095-aa35-5a139fb34b79]: Coleta de dados de mercado conclu\u00edda.", "name": "atcoin", "module": "app", "function": "_collect_market_data", "line": 136}
{"timestamp": "2025-08-08T08:44:38.223730", "level": "INFO", "message": "BG TASK [2f38b183-03c7-4095-aa35-5a139fb34b79]: Executando an\u00e1lise da RNN.", "name": "atcoin", "module": "app", "function": "_run_rnn_analysis", "line": 141}
{"timestamp": "2025-08-08T08:44:38.224495", "level": "ERROR", "message": "BG TASK [2f38b183-03c7-4095-aa35-5a139fb34b79]: Modelo RNN n\u00e3o carregado. Abortando an\u00e1lise.", "name": "atcoin", "module": "app", "function": "_run_rnn_analysis", "line": 145}
{"timestamp": "2025-08-08T08:44:38.224795", "level": "INFO", "message": "BG TASK [2f38b183-03c7-4095-aa35-5a139fb34b79]: Executando 0 trades.", "name": "atcoin", "module": "app", "function": "_execute_trades", "line": 170}
{"timestamp": "2025-08-08T08:44:38.225022", "level": "INFO", "message": "BG TASK [2f38b183-03c7-4095-aa35-5a139fb34b79]: Fechando conex\u00e3o com a exchange.", "name": "atcoin", "module": "app", "function": "execute_investment_strategy_background", "line": 252}
{"timestamp": "2025-08-08T08:44:39.043723", "level": "ERROR", "message": "Falha CR\u00cdTICA ao enviar callback para AIBank: All connection attempts failed", "name": "atcoin", "module": "app", "function": "_send_callback_to_aibank", "line": 204}
{"timestamp": "2025-08-08T08:52:03.333054", "level": "INFO", "message": "Requisi\u00e7\u00e3o de investimento recebida para cliente: 163791607", "name": "atcoin", "module": "app", "function": "initiate_investment", "line": 305}
{"timestamp": "2025-08-08T08:52:03.356833", "level": "INFO", "message": "BG TASK [de0fb655-c416-49de-9298-5a9be8410cc0]: Iniciando orquestra\u00e7\u00e3o do ciclo de investimento.", "name": "atcoin", "module": "app", "function": "execute_investment_strategy_background", "line": 211}
{"timestamp": "2025-08-08T08:52:03.357884", "level": "INFO", "message": "Inicializando exchange: binance", "name": "atcoin", "module": "ccxt_utils", "function": "get_ccxt_exchange", "line": 30}
{"timestamp": "2025-08-08T08:52:04.717546", "level": "INFO", "message": "\u2705 Conex\u00e3o com binance estabelecida com sucesso.", "name": "atcoin", "module": "ccxt_utils", "function": "get_ccxt_exchange", "line": 46}
{"timestamp": "2025-08-08T08:52:04.717973", "level": "INFO", "message": "BG TASK [de0fb655-c416-49de-9298-5a9be8410cc0]: Iniciando coleta de dados de mercado.", "name": "atcoin", "module": "app", "function": "_collect_market_data", "line": 109}
{"timestamp": "2025-08-08T08:52:04.718427", "level": "INFO", "message": "Coletando dados para pares: ['BTC/USDT', 'ETH/USDT', 'SOL/USDT', 'ADA/USDT']", "name": "atcoin", "module": "ccxt_utils", "function": "fetch_crypto_data", "line": 272}
{"timestamp": "2025-08-08T08:52:16.273446", "level": "INFO", "message": "BG TASK [de0fb655-c416-49de-9298-5a9be8410cc0]: Coleta de dados de mercado conclu\u00edda.", "name": "atcoin", "module": "app", "function": "_collect_market_data", "line": 136}
{"timestamp": "2025-08-08T08:52:16.273806", "level": "INFO", "message": "BG TASK [de0fb655-c416-49de-9298-5a9be8410cc0]: Executando an\u00e1lise da RNN.", "name": "atcoin", "module": "app", "function": "_run_rnn_analysis", "line": 141}
{"timestamp": "2025-08-08T08:52:16.273949", "level": "ERROR", "message": "BG TASK [de0fb655-c416-49de-9298-5a9be8410cc0]: Modelo RNN n\u00e3o carregado. Abortando an\u00e1lise.", "name": "atcoin", "module": "app", "function": "_run_rnn_analysis", "line": 145}
{"timestamp": "2025-08-08T08:52:16.274584", "level": "INFO", "message": "BG TASK [de0fb655-c416-49de-9298-5a9be8410cc0]: Executando 0 trades.", "name": "atcoin", "module": "app", "function": "_execute_trades", "line": 170}
{"timestamp": "2025-08-08T08:52:16.275165", "level": "INFO", "message": "BG TASK [de0fb655-c416-49de-9298-5a9be8410cc0]: Fechando conex\u00e3o com a exchange.", "name": "atcoin", "module": "app", "function": "execute_investment_strategy_background", "line": 252}
{"timestamp": "2025-08-08T08:52:16.645583", "level": "ERROR", "message": "Falha CR\u00cdTICA ao enviar callback para AIBank: All connection attempts failed", "name": "atcoin", "module": "app", "function": "_send_callback_to_aibank", "line": 204}
{"timestamp": "2025-08-08T09:52:06.478350", "level": "INFO", "message": "Requisi\u00e7\u00e3o de investimento recebida para cliente: 163791607", "name": "atcoin", "module": "app", "function": "initiate_investment", "line": 305}
{"timestamp": "2025-08-08T09:52:06.526558", "level": "INFO", "message": "BG TASK [716f3b7e-4451-41d1-8d6d-9dcaacd312a6]: Iniciando orquestra\u00e7\u00e3o do ciclo de investimento.", "name": "atcoin", "module": "app", "function": "execute_investment_strategy_background", "line": 211}
{"timestamp": "2025-08-08T09:52:06.526759", "level": "INFO", "message": "Inicializando exchange: binance", "name": "atcoin", "module": "ccxt_utils", "function": "get_ccxt_exchange", "line": 30}
{"timestamp": "2025-08-08T09:52:07.711852", "level": "INFO", "message": "\u2705 Conex\u00e3o com binance estabelecida com sucesso.", "name": "atcoin", "module": "ccxt_utils", "function": "get_ccxt_exchange", "line": 46}
{"timestamp": "2025-08-08T09:52:07.712160", "level": "INFO", "message": "BG TASK [716f3b7e-4451-41d1-8d6d-9dcaacd312a6]: Iniciando coleta de dados de mercado.", "name": "atcoin", "module": "app", "function": "_collect_market_data", "line": 109}
{"timestamp": "2025-08-08T09:52:07.712402", "level": "INFO", "message": "Coletando dados para pares: ['BTC/USDT', 'ETH/USDT', 'SOL/USDT', 'ADA/USDT']", "name": "atcoin", "module": "ccxt_utils", "function": "fetch_crypto_data", "line": 272}
{"timestamp": "2025-08-08T09:52:24.260682", "level": "INFO", "message": "BG TASK [716f3b7e-4451-41d1-8d6d-9dcaacd312a6]: Coleta de dados de mercado conclu\u00edda.", "name": "atcoin", "module": "app", "function": "_collect_market_data", "line": 136}
{"timestamp": "2025-08-08T09:52:24.268637", "level": "INFO", "message": "BG TASK [716f3b7e-4451-41d1-8d6d-9dcaacd312a6]: Executando an\u00e1lise da RNN.", "name": "atcoin", "module": "app", "function": "_run_rnn_analysis", "line": 141}
{"timestamp": "2025-08-08T09:52:24.268956", "level": "ERROR", "message": "BG TASK [716f3b7e-4451-41d1-8d6d-9dcaacd312a6]: Modelo RNN n\u00e3o carregado. Abortando an\u00e1lise.", "name": "atcoin", "module": "app", "function": "_run_rnn_analysis", "line": 145}
{"timestamp": "2025-08-08T09:52:24.269217", "level": "INFO", "message": "BG TASK [716f3b7e-4451-41d1-8d6d-9dcaacd312a6]: Executando 0 trades.", "name": "atcoin", "module": "app", "function": "_execute_trades", "line": 170}
{"timestamp": "2025-08-08T09:52:24.269486", "level": "INFO", "message": "BG TASK [716f3b7e-4451-41d1-8d6d-9dcaacd312a6]: Fechando conex\u00e3o com a exchange.", "name": "atcoin", "module": "app", "function": "execute_investment_strategy_background", "line": 252}
{"timestamp": "2025-08-08T09:52:24.651783", "level": "ERROR", "message": "Falha CR\u00cdTICA ao enviar callback para AIBank: All connection attempts failed", "name": "atcoin", "module": "app", "function": "_send_callback_to_aibank", "line": 204}
{"timestamp": "2025-08-08T11:26:20.576683", "level": "INFO", "message": "\u2705 Templates e arquivos est\u00e1ticos carregados.", "name": "atcoin", "module": "app", "function": "<module>", "line": 73}
{"timestamp": "2025-08-08T11:26:20.641038", "level": "INFO", "message": "\ud83d\udd25 Iniciando servidor Uvicorn na porta 7860...", "name": "atcoin", "module": "app", "function": "<module>", "line": 347}
{"timestamp": "2025-08-08T11:26:21.020491", "level": "INFO", "message": "\u2705 Templates e arquivos est\u00e1ticos carregados.", "name": "atcoin", "module": "app", "function": "<module>", "line": 73}
{"timestamp": "2025-08-08T11:26:21.032955", "level": "INFO", "message": "RNNPredictor: Carregando modelo de src/model/model.h5...", "name": "atcoin", "module": "rnn_predictor", "function": "_load_model_and_scalers", "line": 328}
{"timestamp": "2025-08-08T11:26:21.157712", "level": "ERROR", "message": "RNNPredictor: Falha cr\u00edtica ao carregar modelo ou scalers: Unable to synchronously open file (file signature not found)", "name": "atcoin", "module": "rnn_predictor", "function": "_load_model_and_scalers", "line": 348}
{"timestamp": "2025-08-08T11:26:21.158130", "level": "INFO", "message": "RNNPredictor: Carregando modelo de src/model/model.h5...", "name": "atcoin", "module": "rnn_predictor", "function": "_load_model_and_scalers", "line": 328}
{"timestamp": "2025-08-08T11:26:21.159531", "level": "ERROR", "message": "RNNPredictor: Falha cr\u00edtica ao carregar modelo ou scalers: Unable to synchronously open file (file signature not found)", "name": "atcoin", "module": "rnn_predictor", "function": "_load_model_and_scalers", "line": 348}
{"timestamp": "2025-08-08T11:26:21.160052", "level": "ERROR", "message": "\u274c FALHA CR\u00cdTICA ao carregar modelo RNN na inicializa\u00e7\u00e3o: 'RNNModelPredictor' object has no attribute 'load_model'", "name": "atcoin", "module": "app", "function": "startup_event", "line": 293}
{"timestamp": "2025-08-08T11:28:58.960154", "level": "INFO", "message": "Requisi\u00e7\u00e3o de investimento recebida para cliente: 163791607", "name": "atcoin", "module": "app", "function": "initiate_investment", "line": 305}
{"timestamp": "2025-08-08T11:28:58.969228", "level": "INFO", "message": "BG TASK [e3110f81-f3e0-42f7-a21e-c44167f4eb4b]: Iniciando orquestra\u00e7\u00e3o do ciclo de investimento.", "name": "atcoin", "module": "app", "function": "execute_investment_strategy_background", "line": 211}
{"timestamp": "2025-08-08T11:28:58.970036", "level": "INFO", "message": "Inicializando exchange: binance", "name": "atcoin", "module": "ccxt_utils", "function": "get_ccxt_exchange", "line": 30}
{"timestamp": "2025-08-08T11:28:59.859384", "level": "INFO", "message": "\u2705 Conex\u00e3o com binance estabelecida com sucesso.", "name": "atcoin", "module": "ccxt_utils", "function": "get_ccxt_exchange", "line": 46}
{"timestamp": "2025-08-08T11:28:59.859781", "level": "INFO", "message": "BG TASK [e3110f81-f3e0-42f7-a21e-c44167f4eb4b]: Iniciando coleta de dados de mercado.", "name": "atcoin", "module": "app", "function": "_collect_market_data", "line": 109}
{"timestamp": "2025-08-08T11:28:59.860183", "level": "INFO", "message": "Coletando dados para pares: ['BTC/USDT', 'ETH/USDT', 'SOL/USDT', 'ADA/USDT']", "name": "atcoin", "module": "ccxt_utils", "function": "fetch_crypto_data", "line": 272}
{"timestamp": "2025-08-08T11:29:14.803132", "level": "INFO", "message": "BG TASK [e3110f81-f3e0-42f7-a21e-c44167f4eb4b]: Coleta de dados de mercado conclu\u00edda.", "name": "atcoin", "module": "app", "function": "_collect_market_data", "line": 136}
{"timestamp": "2025-08-08T11:29:14.804031", "level": "INFO", "message": "BG TASK [e3110f81-f3e0-42f7-a21e-c44167f4eb4b]: Executando an\u00e1lise da RNN.", "name": "atcoin", "module": "app", "function": "_run_rnn_analysis", "line": 141}
{"timestamp": "2025-08-08T11:29:14.804333", "level": "ERROR", "message": "BG TASK [e3110f81-f3e0-42f7-a21e-c44167f4eb4b]: Modelo RNN n\u00e3o carregado. Abortando an\u00e1lise.", "name": "atcoin", "module": "app", "function": "_run_rnn_analysis", "line": 145}
{"timestamp": "2025-08-08T11:29:14.804562", "level": "INFO", "message": "BG TASK [e3110f81-f3e0-42f7-a21e-c44167f4eb4b]: Executando 0 trades.", "name": "atcoin", "module": "app", "function": "_execute_trades", "line": 170}
{"timestamp": "2025-08-08T11:29:14.804735", "level": "INFO", "message": "BG TASK [e3110f81-f3e0-42f7-a21e-c44167f4eb4b]: Fechando conex\u00e3o com a exchange.", "name": "atcoin", "module": "app", "function": "execute_investment_strategy_background", "line": 252}
{"timestamp": "2025-08-08T11:29:15.299875", "level": "ERROR", "message": "Falha CR\u00cdTICA ao enviar callback para AIBank: All connection attempts failed", "name": "atcoin", "module": "app", "function": "_send_callback_to_aibank", "line": 204}
{"timestamp": "2025-08-08T11:47:34.682047", "level": "INFO", "message": "Requisi\u00e7\u00e3o de investimento recebida para cliente: 163791607", "name": "atcoin", "module": "app", "function": "initiate_investment", "line": 305}
{"timestamp": "2025-08-08T11:47:35.112567", "level": "INFO", "message": "BG TASK [4aebb4f3-e929-4c36-aec5-cf6ae9284dd5]: Iniciando orquestra\u00e7\u00e3o do ciclo de investimento.", "name": "atcoin", "module": "app", "function": "execute_investment_strategy_background", "line": 211}
{"timestamp": "2025-08-08T11:47:35.115554", "level": "INFO", "message": "Inicializando exchange: binance", "name": "atcoin", "module": "ccxt_utils", "function": "get_ccxt_exchange", "line": 30}
{"timestamp": "2025-08-08T11:47:36.740762", "level": "INFO", "message": "\u2705 Conex\u00e3o com binance estabelecida com sucesso.", "name": "atcoin", "module": "ccxt_utils", "function": "get_ccxt_exchange", "line": 46}
{"timestamp": "2025-08-08T11:47:36.742669", "level": "INFO", "message": "BG TASK [4aebb4f3-e929-4c36-aec5-cf6ae9284dd5]: Iniciando coleta de dados de mercado.", "name": "atcoin", "module": "app", "function": "_collect_market_data", "line": 109}
{"timestamp": "2025-08-08T11:47:36.743505", "level": "INFO", "message": "Coletando dados para pares: ['BTC/USDT', 'ETH/USDT', 'SOL/USDT', 'ADA/USDT']", "name": "atcoin", "module": "ccxt_utils", "function": "fetch_crypto_data", "line": 272}
{"timestamp": "2025-08-08T11:47:52.228882", "level": "INFO", "message": "BG TASK [4aebb4f3-e929-4c36-aec5-cf6ae9284dd5]: Coleta de dados de mercado conclu\u00edda.", "name": "atcoin", "module": "app", "function": "_collect_market_data", "line": 136}
{"timestamp": "2025-08-08T11:47:52.229431", "level": "INFO", "message": "BG TASK [4aebb4f3-e929-4c36-aec5-cf6ae9284dd5]: Executando an\u00e1lise da RNN.", "name": "atcoin", "module": "app", "function": "_run_rnn_analysis", "line": 141}
{"timestamp": "2025-08-08T11:47:52.229682", "level": "ERROR", "message": "BG TASK [4aebb4f3-e929-4c36-aec5-cf6ae9284dd5]: Modelo RNN n\u00e3o carregado. Abortando an\u00e1lise.", "name": "atcoin", "module": "app", "function": "_run_rnn_analysis", "line": 145}
{"timestamp": "2025-08-08T11:47:52.229902", "level": "INFO", "message": "BG TASK [4aebb4f3-e929-4c36-aec5-cf6ae9284dd5]: Executando 0 trades.", "name": "atcoin", "module": "app", "function": "_execute_trades", "line": 170}
{"timestamp": "2025-08-08T11:47:52.230121", "level": "INFO", "message": "BG TASK [4aebb4f3-e929-4c36-aec5-cf6ae9284dd5]: Fechando conex\u00e3o com a exchange.", "name": "atcoin", "module": "app", "function": "execute_investment_strategy_background", "line": 252}
{"timestamp": "2025-08-08T11:47:52.826014", "level": "ERROR", "message": "Falha CR\u00cdTICA ao enviar callback para AIBank: All connection attempts failed", "name": "atcoin", "module": "app", "function": "_send_callback_to_aibank", "line": 204}
{"timestamp": "2025-08-08T11:51:29.371819", "level": "INFO", "message": "Requisi\u00e7\u00e3o de investimento recebida para cliente: 163791607", "name": "atcoin", "module": "app", "function": "initiate_investment", "line": 305}
{"timestamp": "2025-08-08T11:51:29.381976", "level": "INFO", "message": "BG TASK [be13f81c-3eff-4dc2-aac1-1c6c72814d0b]: Iniciando orquestra\u00e7\u00e3o do ciclo de investimento.", "name": "atcoin", "module": "app", "function": "execute_investment_strategy_background", "line": 211}
{"timestamp": "2025-08-08T11:51:29.383080", "level": "INFO", "message": "Inicializando exchange: binance", "name": "atcoin", "module": "ccxt_utils", "function": "get_ccxt_exchange", "line": 30}
{"timestamp": "2025-08-08T11:51:30.275951", "level": "INFO", "message": "\u2705 Conex\u00e3o com binance estabelecida com sucesso.", "name": "atcoin", "module": "ccxt_utils", "function": "get_ccxt_exchange", "line": 46}
{"timestamp": "2025-08-08T11:51:30.276972", "level": "INFO", "message": "BG TASK [be13f81c-3eff-4dc2-aac1-1c6c72814d0b]: Iniciando coleta de dados de mercado.", "name": "atcoin", "module": "app", "function": "_collect_market_data", "line": 109}
{"timestamp": "2025-08-08T11:51:30.277407", "level": "INFO", "message": "Coletando dados para pares: ['BTC/USDT', 'ETH/USDT', 'SOL/USDT', 'ADA/USDT']", "name": "atcoin", "module": "ccxt_utils", "function": "fetch_crypto_data", "line": 272}
{"timestamp": "2025-08-08T11:51:49.737099", "level": "INFO", "message": "BG TASK [be13f81c-3eff-4dc2-aac1-1c6c72814d0b]: Coleta de dados de mercado conclu\u00edda.", "name": "atcoin", "module": "app", "function": "_collect_market_data", "line": 136}
{"timestamp": "2025-08-08T11:51:49.737888", "level": "INFO", "message": "BG TASK [be13f81c-3eff-4dc2-aac1-1c6c72814d0b]: Executando an\u00e1lise da RNN.", "name": "atcoin", "module": "app", "function": "_run_rnn_analysis", "line": 141}
{"timestamp": "2025-08-08T11:51:49.738147", "level": "ERROR", "message": "BG TASK [be13f81c-3eff-4dc2-aac1-1c6c72814d0b]: Modelo RNN n\u00e3o carregado. Abortando an\u00e1lise.", "name": "atcoin", "module": "app", "function": "_run_rnn_analysis", "line": 145}
{"timestamp": "2025-08-08T11:51:49.738364", "level": "INFO", "message": "BG TASK [be13f81c-3eff-4dc2-aac1-1c6c72814d0b]: Executando 0 trades.", "name": "atcoin", "module": "app", "function": "_execute_trades", "line": 170}
{"timestamp": "2025-08-08T11:51:49.738609", "level": "INFO", "message": "BG TASK [be13f81c-3eff-4dc2-aac1-1c6c72814d0b]: Fechando conex\u00e3o com a exchange.", "name": "atcoin", "module": "app", "function": "execute_investment_strategy_background", "line": 252}
{"timestamp": "2025-08-08T11:51:50.146865", "level": "ERROR", "message": "Falha CR\u00cdTICA ao enviar callback para AIBank: All connection attempts failed", "name": "atcoin", "module": "app", "function": "_send_callback_to_aibank", "line": 204}
{"timestamp": "2025-08-08T11:54:49.122775", "level": "INFO", "message": "Requisi\u00e7\u00e3o de investimento recebida para cliente: 163791607", "name": "atcoin", "module": "app", "function": "initiate_investment", "line": 305}
{"timestamp": "2025-08-08T11:54:49.135278", "level": "INFO", "message": "BG TASK [98ba8fa2-2f18-4e4f-90d7-9940468af836]: Iniciando orquestra\u00e7\u00e3o do ciclo de investimento.", "name": "atcoin", "module": "app", "function": "execute_investment_strategy_background", "line": 211}
{"timestamp": "2025-08-08T11:54:49.136998", "level": "INFO", "message": "Inicializando exchange: binance", "name": "atcoin", "module": "ccxt_utils", "function": "get_ccxt_exchange", "line": 30}
{"timestamp": "2025-08-08T11:54:50.415681", "level": "INFO", "message": "\u2705 Conex\u00e3o com binance estabelecida com sucesso.", "name": "atcoin", "module": "ccxt_utils", "function": "get_ccxt_exchange", "line": 46}
{"timestamp": "2025-08-08T11:54:50.416196", "level": "INFO", "message": "BG TASK [98ba8fa2-2f18-4e4f-90d7-9940468af836]: Iniciando coleta de dados de mercado.", "name": "atcoin", "module": "app", "function": "_collect_market_data", "line": 109}
{"timestamp": "2025-08-08T11:54:50.416564", "level": "INFO", "message": "Coletando dados para pares: ['BTC/USDT', 'ETH/USDT', 'SOL/USDT', 'ADA/USDT']", "name": "atcoin", "module": "ccxt_utils", "function": "fetch_crypto_data", "line": 272}
{"timestamp": "2025-08-08T11:55:04.193543", "level": "INFO", "message": "BG TASK [98ba8fa2-2f18-4e4f-90d7-9940468af836]: Coleta de dados de mercado conclu\u00edda.", "name": "atcoin", "module": "app", "function": "_collect_market_data", "line": 136}
{"timestamp": "2025-08-08T11:55:04.196570", "level": "INFO", "message": "BG TASK [98ba8fa2-2f18-4e4f-90d7-9940468af836]: Executando an\u00e1lise da RNN.", "name": "atcoin", "module": "app", "function": "_run_rnn_analysis", "line": 141}
{"timestamp": "2025-08-08T11:55:04.196876", "level": "ERROR", "message": "BG TASK [98ba8fa2-2f18-4e4f-90d7-9940468af836]: Modelo RNN n\u00e3o carregado. Abortando an\u00e1lise.", "name": "atcoin", "module": "app", "function": "_run_rnn_analysis", "line": 145}
{"timestamp": "2025-08-08T11:55:04.197092", "level": "INFO", "message": "BG TASK [98ba8fa2-2f18-4e4f-90d7-9940468af836]: Executando 0 trades.", "name": "atcoin", "module": "app", "function": "_execute_trades", "line": 170}
{"timestamp": "2025-08-08T11:55:04.197609", "level": "INFO", "message": "BG TASK [98ba8fa2-2f18-4e4f-90d7-9940468af836]: Fechando conex\u00e3o com a exchange.", "name": "atcoin", "module": "app", "function": "execute_investment_strategy_background", "line": 252}
{"timestamp": "2025-08-08T11:55:04.769103", "level": "ERROR", "message": "Falha CR\u00cdTICA ao enviar callback para AIBank: All connection attempts failed", "name": "atcoin", "module": "app", "function": "_send_callback_to_aibank", "line": 204}
{"timestamp": "2025-08-08T12:47:41.562741", "level": "INFO", "message": "\u2705 Templates e arquivos est\u00e1ticos carregados.", "name": "atcoin", "module": "app", "function": "<module>", "line": 73}
{"timestamp": "2025-08-08T12:47:41.583767", "level": "INFO", "message": "\ud83d\udd25 Iniciando servidor Uvicorn na porta 7860...", "name": "atcoin", "module": "app", "function": "<module>", "line": 347}
{"timestamp": "2025-08-08T12:47:41.778654", "level": "INFO", "message": "\u2705 Templates e arquivos est\u00e1ticos carregados.", "name": "atcoin", "module": "app", "function": "<module>", "line": 73}
{"timestamp": "2025-08-08T12:47:41.808648", "level": "INFO", "message": "RNNPredictor: Carregando modelo de src/model/model.h5...", "name": "atcoin", "module": "rnn_predictor", "function": "_load_model_and_scalers", "line": 328}
{"timestamp": "2025-08-08T12:47:41.845753", "level": "ERROR", "message": "RNNPredictor: Falha cr\u00edtica ao carregar modelo ou scalers: Unable to synchronously open file (file signature not found)", "name": "atcoin", "module": "rnn_predictor", "function": "_load_model_and_scalers", "line": 348}
{"timestamp": "2025-08-08T12:47:41.846217", "level": "INFO", "message": "RNNPredictor: Carregando modelo de src/model/model.h5...", "name": "atcoin", "module": "rnn_predictor", "function": "_load_model_and_scalers", "line": 328}
{"timestamp": "2025-08-08T12:47:41.847392", "level": "ERROR", "message": "RNNPredictor: Falha cr\u00edtica ao carregar modelo ou scalers: Unable to synchronously open file (file signature not found)", "name": "atcoin", "module": "rnn_predictor", "function": "_load_model_and_scalers", "line": 348}
{"timestamp": "2025-08-08T12:47:41.847803", "level": "ERROR", "message": "\u274c FALHA CR\u00cdTICA ao carregar modelo RNN na inicializa\u00e7\u00e3o: 'RNNModelPredictor' object has no attribute 'load_model'", "name": "atcoin", "module": "app", "function": "startup_event", "line": 293}
{"timestamp": "2025-08-08T12:48:15.557753", "level": "INFO", "message": "Requisi\u00e7\u00e3o de investimento recebida para cliente: 163791607", "name": "atcoin", "module": "app", "function": "initiate_investment", "line": 305}
{"timestamp": "2025-08-08T12:48:15.561985", "level": "INFO", "message": "BG TASK [3bbea91e-96c5-46e7-a602-ba7fcd4a0ae6]: Iniciando orquestra\u00e7\u00e3o do ciclo de investimento.", "name": "atcoin", "module": "app", "function": "execute_investment_strategy_background", "line": 211}
{"timestamp": "2025-08-08T12:48:15.562271", "level": "INFO", "message": "Inicializando exchange: binance", "name": "atcoin", "module": "ccxt_utils", "function": "get_ccxt_exchange", "line": 30}
{"timestamp": "2025-08-08T12:48:16.167553", "level": "INFO", "message": "\u2705 Conex\u00e3o com binance estabelecida com sucesso.", "name": "atcoin", "module": "ccxt_utils", "function": "get_ccxt_exchange", "line": 46}
{"timestamp": "2025-08-08T12:48:16.168249", "level": "INFO", "message": "BG TASK [3bbea91e-96c5-46e7-a602-ba7fcd4a0ae6]: Iniciando coleta de dados de mercado.", "name": "atcoin", "module": "app", "function": "_collect_market_data", "line": 109}
{"timestamp": "2025-08-08T12:48:16.168777", "level": "INFO", "message": "Coletando dados para pares: ['BTC/USDT', 'ETH/USDT', 'SOL/USDT', 'ADA/USDT']", "name": "atcoin", "module": "ccxt_utils", "function": "fetch_crypto_data", "line": 272}
{"timestamp": "2025-08-08T12:48:30.697778", "level": "INFO", "message": "BG TASK [3bbea91e-96c5-46e7-a602-ba7fcd4a0ae6]: Coleta de dados de mercado conclu\u00edda.", "name": "atcoin", "module": "app", "function": "_collect_market_data", "line": 136}
{"timestamp": "2025-08-08T12:48:30.702945", "level": "INFO", "message": "BG TASK [3bbea91e-96c5-46e7-a602-ba7fcd4a0ae6]: Executando an\u00e1lise da RNN.", "name": "atcoin", "module": "app", "function": "_run_rnn_analysis", "line": 141}
{"timestamp": "2025-08-08T12:48:30.703259", "level": "ERROR", "message": "BG TASK [3bbea91e-96c5-46e7-a602-ba7fcd4a0ae6]: Modelo RNN n\u00e3o carregado. Abortando an\u00e1lise.", "name": "atcoin", "module": "app", "function": "_run_rnn_analysis", "line": 145}
{"timestamp": "2025-08-08T12:48:30.703475", "level": "INFO", "message": "BG TASK [3bbea91e-96c5-46e7-a602-ba7fcd4a0ae6]: Executando 0 trades.", "name": "atcoin", "module": "app", "function": "_execute_trades", "line": 170}
{"timestamp": "2025-08-08T12:48:30.703680", "level": "INFO", "message": "BG TASK [3bbea91e-96c5-46e7-a602-ba7fcd4a0ae6]: Fechando conex\u00e3o com a exchange.", "name": "atcoin", "module": "app", "function": "execute_investment_strategy_background", "line": 252}
{"timestamp": "2025-08-08T12:48:31.180931", "level": "ERROR", "message": "Falha CR\u00cdTICA ao enviar callback para AIBank: All connection attempts failed", "name": "atcoin", "module": "app", "function": "_send_callback_to_aibank", "line": 204}
{"timestamp": "2025-08-08T13:05:00.586720", "level": "INFO", "message": "Requisi\u00e7\u00e3o de investimento recebida para cliente: ID_NAO_ENCONTRADO", "name": "atcoin", "module": "app", "function": "initiate_investment", "line": 305}
{"timestamp": "2025-08-08T13:05:00.650070", "level": "INFO", "message": "BG TASK [9520d579-946d-4af3-98c2-9ee7aaa04587]: Iniciando orquestra\u00e7\u00e3o do ciclo de investimento.", "name": "atcoin", "module": "app", "function": "execute_investment_strategy_background", "line": 211}
{"timestamp": "2025-08-08T13:05:00.652147", "level": "INFO", "message": "Inicializando exchange: binance", "name": "atcoin", "module": "ccxt_utils", "function": "get_ccxt_exchange", "line": 30}
{"timestamp": "2025-08-08T13:05:01.746800", "level": "INFO", "message": "\u2705 Conex\u00e3o com binance estabelecida com sucesso.", "name": "atcoin", "module": "ccxt_utils", "function": "get_ccxt_exchange", "line": 46}
{"timestamp": "2025-08-08T13:05:01.748318", "level": "INFO", "message": "BG TASK [9520d579-946d-4af3-98c2-9ee7aaa04587]: Iniciando coleta de dados de mercado.", "name": "atcoin", "module": "app", "function": "_collect_market_data", "line": 109}
{"timestamp": "2025-08-08T13:05:01.749643", "level": "INFO", "message": "Coletando dados para pares: ['BTC/USDT', 'ETH/USDT', 'SOL/USDT', 'ADA/USDT']", "name": "atcoin", "module": "ccxt_utils", "function": "fetch_crypto_data", "line": 272}
{"timestamp": "2025-08-08T13:05:15.351096", "level": "INFO", "message": "BG TASK [9520d579-946d-4af3-98c2-9ee7aaa04587]: Coleta de dados de mercado conclu\u00edda.", "name": "atcoin", "module": "app", "function": "_collect_market_data", "line": 136}
{"timestamp": "2025-08-08T13:05:15.351820", "level": "INFO", "message": "BG TASK [9520d579-946d-4af3-98c2-9ee7aaa04587]: Executando an\u00e1lise da RNN.", "name": "atcoin", "module": "app", "function": "_run_rnn_analysis", "line": 141}
{"timestamp": "2025-08-08T13:05:15.481132", "level": "ERROR", "message": "BG TASK [9520d579-946d-4af3-98c2-9ee7aaa04587]: Modelo RNN n\u00e3o carregado. Abortando an\u00e1lise.", "name": "atcoin", "module": "app", "function": "_run_rnn_analysis", "line": 145}
{"timestamp": "2025-08-08T13:05:15.481593", "level": "INFO", "message": "BG TASK [9520d579-946d-4af3-98c2-9ee7aaa04587]: Executando 0 trades.", "name": "atcoin", "module": "app", "function": "_execute_trades", "line": 170}
{"timestamp": "2025-08-08T13:05:15.482073", "level": "INFO", "message": "BG TASK [9520d579-946d-4af3-98c2-9ee7aaa04587]: Fechando conex\u00e3o com a exchange.", "name": "atcoin", "module": "app", "function": "execute_investment_strategy_background", "line": 252}
{"timestamp": "2025-08-08T13:05:15.996780", "level": "ERROR", "message": "Falha CR\u00cdTICA ao enviar callback para AIBank: All connection attempts failed", "name": "atcoin", "module": "app", "function": "_send_callback_to_aibank", "line": 204}
{"timestamp": "2025-08-08T13:44:25.169000", "level": "INFO", "message": "Requisi\u00e7\u00e3o de investimento recebida para cliente: 164761607", "name": "atcoin", "module": "app", "function": "initiate_investment", "line": 305}
{"timestamp": "2025-08-08T13:44:25.176498", "level": "INFO", "message": "BG TASK [545cc5f1-ff5f-42e0-b67d-8ea826fe8eaf]: Iniciando orquestra\u00e7\u00e3o do ciclo de investimento.", "name": "atcoin", "module": "app", "function": "execute_investment_strategy_background", "line": 211}
{"timestamp": "2025-08-08T13:44:25.177031", "level": "INFO", "message": "Inicializando exchange: binance", "name": "atcoin", "module": "ccxt_utils", "function": "get_ccxt_exchange", "line": 30}
{"timestamp": "2025-08-08T13:44:25.852876", "level": "INFO", "message": "\u2705 Conex\u00e3o com binance estabelecida com sucesso.", "name": "atcoin", "module": "ccxt_utils", "function": "get_ccxt_exchange", "line": 46}
{"timestamp": "2025-08-08T13:44:25.853174", "level": "INFO", "message": "BG TASK [545cc5f1-ff5f-42e0-b67d-8ea826fe8eaf]: Iniciando coleta de dados de mercado.", "name": "atcoin", "module": "app", "function": "_collect_market_data", "line": 109}
{"timestamp": "2025-08-08T13:44:25.853386", "level": "INFO", "message": "Coletando dados para pares: ['BTC/USDT', 'ETH/USDT', 'SOL/USDT', 'ADA/USDT']", "name": "atcoin", "module": "ccxt_utils", "function": "fetch_crypto_data", "line": 272}
{"timestamp": "2025-08-08T13:44:43.942948", "level": "INFO", "message": "BG TASK [545cc5f1-ff5f-42e0-b67d-8ea826fe8eaf]: Coleta de dados de mercado conclu\u00edda.", "name": "atcoin", "module": "app", "function": "_collect_market_data", "line": 136}
{"timestamp": "2025-08-08T13:44:43.943444", "level": "INFO", "message": "BG TASK [545cc5f1-ff5f-42e0-b67d-8ea826fe8eaf]: Executando an\u00e1lise da RNN.", "name": "atcoin", "module": "app", "function": "_run_rnn_analysis", "line": 141}
{"timestamp": "2025-08-08T13:44:43.943723", "level": "ERROR", "message": "BG TASK [545cc5f1-ff5f-42e0-b67d-8ea826fe8eaf]: Modelo RNN n\u00e3o carregado. Abortando an\u00e1lise.", "name": "atcoin", "module": "app", "function": "_run_rnn_analysis", "line": 145}
{"timestamp": "2025-08-08T13:44:43.943886", "level": "INFO", "message": "BG TASK [545cc5f1-ff5f-42e0-b67d-8ea826fe8eaf]: Executando 0 trades.", "name": "atcoin", "module": "app", "function": "_execute_trades", "line": 170}
{"timestamp": "2025-08-08T13:44:43.944063", "level": "INFO", "message": "BG TASK [545cc5f1-ff5f-42e0-b67d-8ea826fe8eaf]: Fechando conex\u00e3o com a exchange.", "name": "atcoin", "module": "app", "function": "execute_investment_strategy_background", "line": 252}
{"timestamp": "2025-08-08T13:44:44.327194", "level": "ERROR", "message": "Falha CR\u00cdTICA ao enviar callback para AIBank: All connection attempts failed", "name": "atcoin", "module": "app", "function": "_send_callback_to_aibank", "line": 204}
{"timestamp": "2025-08-08T13:52:59.794426", "level": "INFO", "message": "Requisi\u00e7\u00e3o de investimento recebida para cliente: 164761607", "name": "atcoin", "module": "app", "function": "initiate_investment", "line": 305}
{"timestamp": "2025-08-08T13:52:59.797720", "level": "INFO", "message": "BG TASK [7fce8134-4e19-4c64-b854-4dc3ccf32d65]: Iniciando orquestra\u00e7\u00e3o do ciclo de investimento.", "name": "atcoin", "module": "app", "function": "execute_investment_strategy_background", "line": 211}
{"timestamp": "2025-08-08T13:52:59.798270", "level": "INFO", "message": "Inicializando exchange: binance", "name": "atcoin", "module": "ccxt_utils", "function": "get_ccxt_exchange", "line": 30}
{"timestamp": "2025-08-08T13:53:00.422903", "level": "INFO", "message": "\u2705 Conex\u00e3o com binance estabelecida com sucesso.", "name": "atcoin", "module": "ccxt_utils", "function": "get_ccxt_exchange", "line": 46}
{"timestamp": "2025-08-08T13:53:00.423473", "level": "INFO", "message": "BG TASK [7fce8134-4e19-4c64-b854-4dc3ccf32d65]: Iniciando coleta de dados de mercado.", "name": "atcoin", "module": "app", "function": "_collect_market_data", "line": 109}
{"timestamp": "2025-08-08T13:53:00.423968", "level": "INFO", "message": "Coletando dados para pares: ['BTC/USDT', 'ETH/USDT', 'SOL/USDT', 'ADA/USDT']", "name": "atcoin", "module": "ccxt_utils", "function": "fetch_crypto_data", "line": 272}
{"timestamp": "2025-08-08T13:53:11.369407", "level": "INFO", "message": "BG TASK [7fce8134-4e19-4c64-b854-4dc3ccf32d65]: Coleta de dados de mercado conclu\u00edda.", "name": "atcoin", "module": "app", "function": "_collect_market_data", "line": 136}
{"timestamp": "2025-08-08T13:53:11.370434", "level": "INFO", "message": "BG TASK [7fce8134-4e19-4c64-b854-4dc3ccf32d65]: Executando an\u00e1lise da RNN.", "name": "atcoin", "module": "app", "function": "_run_rnn_analysis", "line": 141}
{"timestamp": "2025-08-08T13:53:11.370979", "level": "ERROR", "message": "BG TASK [7fce8134-4e19-4c64-b854-4dc3ccf32d65]: Modelo RNN n\u00e3o carregado. Abortando an\u00e1lise.", "name": "atcoin", "module": "app", "function": "_run_rnn_analysis", "line": 145}
{"timestamp": "2025-08-08T13:53:11.371400", "level": "INFO", "message": "BG TASK [7fce8134-4e19-4c64-b854-4dc3ccf32d65]: Executando 0 trades.", "name": "atcoin", "module": "app", "function": "_execute_trades", "line": 170}
{"timestamp": "2025-08-08T13:53:11.371726", "level": "INFO", "message": "BG TASK [7fce8134-4e19-4c64-b854-4dc3ccf32d65]: Fechando conex\u00e3o com a exchange.", "name": "atcoin", "module": "app", "function": "execute_investment_strategy_background", "line": 252}
{"timestamp": "2025-08-08T13:53:11.749521", "level": "ERROR", "message": "Falha CR\u00cdTICA ao enviar callback para AIBank: All connection attempts failed", "name": "atcoin", "module": "app", "function": "_send_callback_to_aibank", "line": 204}
{"timestamp": "2025-08-08T13:55:16.022641", "level": "INFO", "message": "Requisi\u00e7\u00e3o de investimento recebida para cliente: 164761607", "name": "atcoin", "module": "app", "function": "initiate_investment", "line": 305}
{"timestamp": "2025-08-08T13:55:16.026823", "level": "INFO", "message": "BG TASK [ce650209-ddf2-4e59-8265-2df7a4e8a2f6]: Iniciando orquestra\u00e7\u00e3o do ciclo de investimento.", "name": "atcoin", "module": "app", "function": "execute_investment_strategy_background", "line": 211}
{"timestamp": "2025-08-08T13:55:16.027812", "level": "INFO", "message": "Inicializando exchange: binance", "name": "atcoin", "module": "ccxt_utils", "function": "get_ccxt_exchange", "line": 30}
{"timestamp": "2025-08-08T13:55:16.586969", "level": "INFO", "message": "\u2705 Conex\u00e3o com binance estabelecida com sucesso.", "name": "atcoin", "module": "ccxt_utils", "function": "get_ccxt_exchange", "line": 46}
{"timestamp": "2025-08-08T13:55:16.587480", "level": "INFO", "message": "BG TASK [ce650209-ddf2-4e59-8265-2df7a4e8a2f6]: Iniciando coleta de dados de mercado.", "name": "atcoin", "module": "app", "function": "_collect_market_data", "line": 109}
{"timestamp": "2025-08-08T13:55:16.587752", "level": "INFO", "message": "Coletando dados para pares: ['BTC/USDT', 'ETH/USDT', 'SOL/USDT', 'ADA/USDT']", "name": "atcoin", "module": "ccxt_utils", "function": "fetch_crypto_data", "line": 272}
{"timestamp": "2025-08-08T13:55:27.627896", "level": "INFO", "message": "BG TASK [ce650209-ddf2-4e59-8265-2df7a4e8a2f6]: Coleta de dados de mercado conclu\u00edda.", "name": "atcoin", "module": "app", "function": "_collect_market_data", "line": 136}
{"timestamp": "2025-08-08T13:55:27.628617", "level": "INFO", "message": "BG TASK [ce650209-ddf2-4e59-8265-2df7a4e8a2f6]: Executando an\u00e1lise da RNN.", "name": "atcoin", "module": "app", "function": "_run_rnn_analysis", "line": 141}
{"timestamp": "2025-08-08T13:55:27.629019", "level": "ERROR", "message": "BG TASK [ce650209-ddf2-4e59-8265-2df7a4e8a2f6]: Modelo RNN n\u00e3o carregado. Abortando an\u00e1lise.", "name": "atcoin", "module": "app", "function": "_run_rnn_analysis", "line": 145}
{"timestamp": "2025-08-08T13:55:27.629501", "level": "INFO", "message": "BG TASK [ce650209-ddf2-4e59-8265-2df7a4e8a2f6]: Executando 0 trades.", "name": "atcoin", "module": "app", "function": "_execute_trades", "line": 170}
{"timestamp": "2025-08-08T13:55:27.629826", "level": "INFO", "message": "BG TASK [ce650209-ddf2-4e59-8265-2df7a4e8a2f6]: Fechando conex\u00e3o com a exchange.", "name": "atcoin", "module": "app", "function": "execute_investment_strategy_background", "line": 252}
{"timestamp": "2025-08-08T13:55:27.971959", "level": "ERROR", "message": "Falha CR\u00cdTICA ao enviar callback para AIBank: All connection attempts failed", "name": "atcoin", "module": "app", "function": "_send_callback_to_aibank", "line": 204}
{"timestamp": "2025-08-08T14:00:39.678178", "level": "INFO", "message": "Requisi\u00e7\u00e3o de investimento recebida para cliente: 164761607", "name": "atcoin", "module": "app", "function": "initiate_investment", "line": 305}
{"timestamp": "2025-08-08T14:00:39.683210", "level": "INFO", "message": "BG TASK [0bbd6147-771e-4da2-a94a-13c66c3e2aa9]: Iniciando orquestra\u00e7\u00e3o do ciclo de investimento.", "name": "atcoin", "module": "app", "function": "execute_investment_strategy_background", "line": 211}
{"timestamp": "2025-08-08T14:00:39.684877", "level": "INFO", "message": "Inicializando exchange: binance", "name": "atcoin", "module": "ccxt_utils", "function": "get_ccxt_exchange", "line": 30}
{"timestamp": "2025-08-08T14:00:40.295248", "level": "INFO", "message": "\u2705 Conex\u00e3o com binance estabelecida com sucesso.", "name": "atcoin", "module": "ccxt_utils", "function": "get_ccxt_exchange", "line": 46}
{"timestamp": "2025-08-08T14:00:40.295698", "level": "INFO", "message": "BG TASK [0bbd6147-771e-4da2-a94a-13c66c3e2aa9]: Iniciando coleta de dados de mercado.", "name": "atcoin", "module": "app", "function": "_collect_market_data", "line": 109}
{"timestamp": "2025-08-08T14:00:40.296591", "level": "INFO", "message": "Coletando dados para pares: ['BTC/USDT', 'ETH/USDT', 'SOL/USDT', 'ADA/USDT']", "name": "atcoin", "module": "ccxt_utils", "function": "fetch_crypto_data", "line": 272}
{"timestamp": "2025-08-08T14:00:53.103022", "level": "INFO", "message": "BG TASK [0bbd6147-771e-4da2-a94a-13c66c3e2aa9]: Coleta de dados de mercado conclu\u00edda.", "name": "atcoin", "module": "app", "function": "_collect_market_data", "line": 136}
{"timestamp": "2025-08-08T14:00:53.103609", "level": "INFO", "message": "BG TASK [0bbd6147-771e-4da2-a94a-13c66c3e2aa9]: Executando an\u00e1lise da RNN.", "name": "atcoin", "module": "app", "function": "_run_rnn_analysis", "line": 141}
{"timestamp": "2025-08-08T14:00:53.103988", "level": "ERROR", "message": "BG TASK [0bbd6147-771e-4da2-a94a-13c66c3e2aa9]: Modelo RNN n\u00e3o carregado. Abortando an\u00e1lise.", "name": "atcoin", "module": "app", "function": "_run_rnn_analysis", "line": 145}
{"timestamp": "2025-08-08T14:00:53.104400", "level": "INFO", "message": "BG TASK [0bbd6147-771e-4da2-a94a-13c66c3e2aa9]: Executando 0 trades.", "name": "atcoin", "module": "app", "function": "_execute_trades", "line": 170}
{"timestamp": "2025-08-08T14:00:53.104757", "level": "INFO", "message": "BG TASK [0bbd6147-771e-4da2-a94a-13c66c3e2aa9]: Fechando conex\u00e3o com a exchange.", "name": "atcoin", "module": "app", "function": "execute_investment_strategy_background", "line": 252}
{"timestamp": "2025-08-08T14:00:53.581237", "level": "ERROR", "message": "Falha CR\u00cdTICA ao enviar callback para AIBank: All connection attempts failed", "name": "atcoin", "module": "app", "function": "_send_callback_to_aibank", "line": 204}
{"timestamp": "2025-08-08T14:08:03.556059", "level": "INFO", "message": "Requisi\u00e7\u00e3o de investimento recebida para cliente: 164761607", "name": "atcoin", "module": "app", "function": "initiate_investment", "line": 305}
{"timestamp": "2025-08-08T14:08:03.563933", "level": "INFO", "message": "BG TASK [b36cc8fa-02cf-40f2-895c-fe0306ac47ab]: Iniciando orquestra\u00e7\u00e3o do ciclo de investimento.", "name": "atcoin", "module": "app", "function": "execute_investment_strategy_background", "line": 211}
{"timestamp": "2025-08-08T14:08:03.564245", "level": "INFO", "message": "Inicializando exchange: binance", "name": "atcoin", "module": "ccxt_utils", "function": "get_ccxt_exchange", "line": 30}
{"timestamp": "2025-08-08T14:08:04.188988", "level": "INFO", "message": "\u2705 Conex\u00e3o com binance estabelecida com sucesso.", "name": "atcoin", "module": "ccxt_utils", "function": "get_ccxt_exchange", "line": 46}
{"timestamp": "2025-08-08T14:08:04.189378", "level": "INFO", "message": "BG TASK [b36cc8fa-02cf-40f2-895c-fe0306ac47ab]: Iniciando coleta de dados de mercado.", "name": "atcoin", "module": "app", "function": "_collect_market_data", "line": 109}
{"timestamp": "2025-08-08T14:08:04.189633", "level": "INFO", "message": "Coletando dados para pares: ['BTC/USDT', 'ETH/USDT', 'SOL/USDT', 'ADA/USDT']", "name": "atcoin", "module": "ccxt_utils", "function": "fetch_crypto_data", "line": 272}
{"timestamp": "2025-08-08T14:08:18.648252", "level": "INFO", "message": "BG TASK [b36cc8fa-02cf-40f2-895c-fe0306ac47ab]: Coleta de dados de mercado conclu\u00edda.", "name": "atcoin", "module": "app", "function": "_collect_market_data", "line": 136}
{"timestamp": "2025-08-08T14:08:18.649003", "level": "INFO", "message": "BG TASK [b36cc8fa-02cf-40f2-895c-fe0306ac47ab]: Executando an\u00e1lise da RNN.", "name": "atcoin", "module": "app", "function": "_run_rnn_analysis", "line": 141}
{"timestamp": "2025-08-08T14:08:18.649266", "level": "ERROR", "message": "BG TASK [b36cc8fa-02cf-40f2-895c-fe0306ac47ab]: Modelo RNN n\u00e3o carregado. Abortando an\u00e1lise.", "name": "atcoin", "module": "app", "function": "_run_rnn_analysis", "line": 145}
{"timestamp": "2025-08-08T14:08:18.649754", "level": "INFO", "message": "BG TASK [b36cc8fa-02cf-40f2-895c-fe0306ac47ab]: Executando 0 trades.", "name": "atcoin", "module": "app", "function": "_execute_trades", "line": 170}
{"timestamp": "2025-08-08T14:08:18.649991", "level": "INFO", "message": "BG TASK [b36cc8fa-02cf-40f2-895c-fe0306ac47ab]: Fechando conex\u00e3o com a exchange.", "name": "atcoin", "module": "app", "function": "execute_investment_strategy_background", "line": 252}
{"timestamp": "2025-08-08T14:08:19.097700", "level": "ERROR", "message": "Falha CR\u00cdTICA ao enviar callback para AIBank: All connection attempts failed", "name": "atcoin", "module": "app", "function": "_send_callback_to_aibank", "line": 204}
{"timestamp": "2025-08-08T14:31:56.629332", "level": "INFO", "message": "\u2705 Templates e arquivos est\u00e1ticos carregados.", "name": "atcoin", "module": "app", "function": "<module>", "line": 107}
{"timestamp": "2025-08-08T18:12:08.805140", "level": "INFO", "message": "\u2705 Templates e arquivos est\u00e1ticos carregados.", "name": "atcoin", "module": "app", "function": "<module>", "line": 107}
