{"timestamp": "2025-08-07T12:09:07.089625", "level": "INFO", "message": "\u2705 Templates e arquivos est\u00e1ticos carregados.", "name": "atcoin", "module": "app_new", "function": "<module>", "line": 73}
{"timestamp": "2025-08-07T12:09:07.102570", "level": "INFO", "message": "\ud83d\udd25 Iniciando servidor Uvicorn na porta 7860...", "name": "atcoin", "module": "app_new", "function": "<module>", "line": 347}
{"timestamp": "2025-08-07T12:09:07.234824", "level": "INFO", "message": "\u2705 Templates e arquivos est\u00e1ticos carregados com sucesso.", "name": "atcoin", "module": "app", "function": "<module>", "line": 974}
{"timestamp": "2025-08-07T12:09:07.237602", "level": "ERROR", "message": "\u274c Falha ao carregar o modelo: 'bool' object is not callable", "name": "atcoin", "module": "app", "function": "startup_event", "line": 910}
{"timestamp": "2025-08-07T12:09:21.905157", "level": "INFO", "message": "API Key do AIBank verificada com sucesso.", "name": "atcoin", "module": "app", "function": "verify_aibank_key", "line": 149}
{"timestamp": "2025-08-07T12:09:21.908763", "level": "INFO", "message": "Requisi\u00e7\u00e3o de investimento recebida para client_id: diagnose-123, amount: 10.0, aibank_tx_token: tok_diag_abc123", "name": "atcoin", "module": "app", "function": "initiate_investment", "line": 925}
{"timestamp": "2025-08-07T12:09:21.909406", "level": "INFO", "message": "Estrat\u00e9gia de investimento para rnn_tx_id: 62d0f5be-ac5d-4be5-a491-6ffeb2199e3e agendada para execu\u00e7\u00e3o em background.", "name": "atcoin", "module": "app", "function": "initiate_investment", "line": 950}
{"timestamp": "2025-08-07T12:09:21.911067", "level": "INFO", "message": "BG TASK [62d0f5be-ac5d-4be5-a491-6ffeb2199e3e]: Iniciando estrat\u00e9gia de investimento para cliente diagnose-123, valor 10.0.", "name": "atcoin", "module": "app", "function": "execute_investment_strategy_background", "line": 160}
{"timestamp": "2025-08-07T12:09:21.911279", "level": "INFO", "message": "Iniciando tarefa de investimento em background...", "name": "atcoin", "module": "app", "function": "execute_investment_strategy_background", "line": 172}
{"timestamp": "2025-08-07T12:09:21.911505", "level": "INFO", "message": "Inicializando exchange: binance", "name": "atcoin", "module": "ccxt_utils", "function": "get_ccxt_exchange", "line": 30}
{"timestamp": "2025-08-07T12:09:22.886981", "level": "INFO", "message": "\u2705 Conex\u00e3o com binance estabelecida com sucesso.", "name": "atcoin", "module": "ccxt_utils", "function": "get_ccxt_exchange", "line": 46}
{"timestamp": "2025-08-07T12:09:22.887332", "level": "INFO", "message": "BG TASK [62d0f5be-ac5d-4be5-a491-6ffeb2199e3e]: Coletando dados de mercado...", "name": "atcoin", "module": "app", "function": "execute_investment_strategy_background", "line": 187}
{"timestamp": "2025-08-07T12:09:28.340880", "level": "INFO", "message": "BG TASK [62d0f5be-ac5d-4be5-a491-6ffeb2199e3e]: Dados coletados para BTC/USDT", "name": "atcoin", "module": "app", "function": "execute_investment_strategy_background", "line": 221}
{"timestamp": "2025-08-07T12:09:28.969832", "level": "INFO", "message": "BG TASK [62d0f5be-ac5d-4be5-a491-6ffeb2199e3e]: Dados coletados para ETH/USDT", "name": "atcoin", "module": "app", "function": "execute_investment_strategy_background", "line": 221}
{"timestamp": "2025-08-07T12:09:29.601447", "level": "INFO", "message": "BG TASK [62d0f5be-ac5d-4be5-a491-6ffeb2199e3e]: Dados coletados para SOL/USDT", "name": "atcoin", "module": "app", "function": "execute_investment_strategy_background", "line": 221}
{"timestamp": "2025-08-07T12:09:30.225340", "level": "INFO", "message": "BG TASK [62d0f5be-ac5d-4be5-a491-6ffeb2199e3e]: Dados coletados para ADA/USDT", "name": "atcoin", "module": "app", "function": "execute_investment_strategy_background", "line": 221}
{"timestamp": "2025-08-07T12:09:30.846910", "level": "INFO", "message": "BG TASK [62d0f5be-ac5d-4be5-a491-6ffeb2199e3e]: Dados coletados para DOGE/USDT", "name": "atcoin", "module": "app", "function": "execute_investment_strategy_background", "line": 221}
{"timestamp": "2025-08-07T12:09:30.847109", "level": "INFO", "message": "Fechando conex\u00e3o com a exchange para liberar recursos...", "name": "atcoin", "module": "app", "function": "execute_investment_strategy_background", "line": 242}
{"timestamp": "2025-08-07T12:09:31.101199", "level": "INFO", "message": "Conex\u00e3o com a exchange fechada.", "name": "atcoin", "module": "app", "function": "execute_investment_strategy_background", "line": 244}
{"timestamp": "2025-08-07T12:09:32.633474", "level": "INFO", "message": "BG TASK [62d0f5be-ac5d-4be5-a491-6ffeb2199e3e]: Dados coletados para a\u00e7\u00e3o AAPL", "name": "atcoin", "module": "app", "function": "execute_investment_strategy_background", "line": 273}
{"timestamp": "2025-08-07T12:09:34.052090", "level": "INFO", "message": "BG TASK [62d0f5be-ac5d-4be5-a491-6ffeb2199e3e]: Dados coletados para a\u00e7\u00e3o TSLA", "name": "atcoin", "module": "app", "function": "execute_investment_strategy_background", "line": 273}
{"timestamp": "2025-08-07T12:09:35.240740", "level": "INFO", "message": "BG TASK [62d0f5be-ac5d-4be5-a491-6ffeb2199e3e]: Dados coletados para a\u00e7\u00e3o NVDA", "name": "atcoin", "module": "app", "function": "execute_investment_strategy_background", "line": 273}
{"timestamp": "2025-08-07T12:09:36.202367", "level": "INFO", "message": "BG TASK [62d0f5be-ac5d-4be5-a491-6ffeb2199e3e]: Dados coletados para a\u00e7\u00e3o MSFT", "name": "atcoin", "module": "app", "function": "execute_investment_strategy_background", "line": 273}
{"timestamp": "2025-08-07T12:09:37.652793", "level": "INFO", "message": "BG TASK [62d0f5be-ac5d-4be5-a491-6ffeb2199e3e]: Dados coletados para a\u00e7\u00e3o GOOGL", "name": "atcoin", "module": "app", "function": "execute_investment_strategy_background", "line": 273}
{"timestamp": "2025-08-07T12:09:39.233426", "level": "INFO", "message": "BG TASK [62d0f5be-ac5d-4be5-a491-6ffeb2199e3e]: Coleta de dados conclu\u00edda.", "name": "atcoin", "module": "app", "function": "execute_investment_strategy_background", "line": 292}
{"timestamp": "2025-08-07T12:09:39.233725", "level": "INFO", "message": "BG TASK [62d0f5be-ac5d-4be5-a491-6ffeb2199e3e]: Executando an\u00e1lise RNN...", "name": "atcoin", "module": "app", "function": "execute_investment_strategy_background", "line": 305}
{"timestamp": "2025-08-07T12:09:39.234063", "level": "WARNING", "message": "BG TASK [62d0f5be-ac5d-4be5-a491-6ffeb2199e3e]: Inst\u00e2ncia do preditor RNN n\u00e3o dispon\u00edvel ou modelo interno n\u00e3o carregado. Pulando an\u00e1lise RNN.", "name": "atcoin", "module": "app", "function": "execute_investment_strategy_background", "line": 417}
{"timestamp": "2025-08-07T12:09:39.234363", "level": "WARNING", "message": "BG TASK [62d0f5be-ac5d-4be5-a491-6ffeb2199e3e]: Ciclo de investimento n\u00e3o conclu\u00eddo normalmente (failed_rnn_analysis). Valor final baseado no estado atual.", "name": "atcoin", "module": "app", "function": "execute_investment_strategy_background", "line": 730}
{"timestamp": "2025-08-07T12:09:39.485865", "level": "INFO", "message": "BG TASK [62d0f5be-ac5d-4be5-a491-6ffeb2199e3e]: Conex\u00e3o ccxt fechada.", "name": "atcoin", "module": "app", "function": "execute_investment_strategy_background", "line": 841}
{"timestamp": "2025-08-07T12:09:39.489121", "level": "INFO", "message": "BG TASK [62d0f5be-ac5d-4be5-a491-6ffeb2199e3e]: Enviando callback para AIBank (http://localhost:5001) com status final 'failed_rnn_analysis'. Payload: {\"rnn_transaction_id\":\"62d0f5be-ac5d-4be5-a491-6ffeb2199e3e\",\"aibank_transaction_token\":\"tok_diag_abc123\",\"client_id\":\"diagnose-123\",\"initial_amount\":10.0,\"final_amount\":10.0,\"profit_loss\":0.0,\"status\":\"failed_rnn_analysis\",\"timestamp\":\"2025-08-07T12:09:39.486229\",\"details\":\"RNN model/predictor not available for prediction; \"}", "name": "atcoin", "module": "app", "function": "execute_investment_strategy_background", "line": 867}
{"timestamp": "2025-08-07T12:09:39.734508", "level": "ERROR", "message": "BG TASK [62d0f5be-ac5d-4be5-a491-6ffeb2199e3e]: Erro de REDE ao enviar callback para AIBank: All connection attempts failed", "name": "atcoin", "module": "app", "function": "execute_investment_strategy_background", "line": 876}
{"timestamp": "2025-08-07T18:30:35.742150", "level": "INFO", "message": "\u2705 Templates e arquivos est\u00e1ticos carregados.", "name": "atcoin", "module": "app_new", "function": "<module>", "line": 73}
{"timestamp": "2025-08-07T18:30:35.773758", "level": "INFO", "message": "\ud83d\udd25 Iniciando servidor Uvicorn na porta 7860...", "name": "atcoin", "module": "app_new", "function": "<module>", "line": 347}
{"timestamp": "2025-08-07T18:30:35.923747", "level": "INFO", "message": "\u2705 Templates e arquivos est\u00e1ticos carregados com sucesso.", "name": "atcoin", "module": "app", "function": "<module>", "line": 974}
{"timestamp": "2025-08-07T18:30:35.927257", "level": "ERROR", "message": "\u274c Falha ao carregar o modelo: 'bool' object is not callable", "name": "atcoin", "module": "app", "function": "startup_event", "line": 910}
{"timestamp": "2025-08-07T18:30:58.700195", "level": "INFO", "message": "API Key do AIBank verificada com sucesso.", "name": "atcoin", "module": "app", "function": "verify_aibank_key", "line": 149}
{"timestamp": "2025-08-07T18:30:58.703530", "level": "INFO", "message": "Requisi\u00e7\u00e3o de investimento recebida para client_id: diagnose-123, amount: 10.0, aibank_tx_token: tok_diag_abc123", "name": "atcoin", "module": "app", "function": "initiate_investment", "line": 925}
{"timestamp": "2025-08-07T18:30:58.703929", "level": "INFO", "message": "Estrat\u00e9gia de investimento para rnn_tx_id: d4810616-e120-4be7-990d-9da3e1bc3eac agendada para execu\u00e7\u00e3o em background.", "name": "atcoin", "module": "app", "function": "initiate_investment", "line": 950}
{"timestamp": "2025-08-07T18:30:58.705619", "level": "INFO", "message": "BG TASK [d4810616-e120-4be7-990d-9da3e1bc3eac]: Iniciando estrat\u00e9gia de investimento para cliente diagnose-123, valor 10.0.", "name": "atcoin", "module": "app", "function": "execute_investment_strategy_background", "line": 160}
{"timestamp": "2025-08-07T18:30:58.705799", "level": "INFO", "message": "Iniciando tarefa de investimento em background...", "name": "atcoin", "module": "app", "function": "execute_investment_strategy_background", "line": 172}
{"timestamp": "2025-08-07T18:30:58.705936", "level": "INFO", "message": "Inicializando exchange: binance", "name": "atcoin", "module": "ccxt_utils", "function": "get_ccxt_exchange", "line": 30}
{"timestamp": "2025-08-07T18:30:59.575198", "level": "INFO", "message": "\u2705 Conex\u00e3o com binance estabelecida com sucesso.", "name": "atcoin", "module": "ccxt_utils", "function": "get_ccxt_exchange", "line": 46}
{"timestamp": "2025-08-07T18:30:59.575572", "level": "INFO", "message": "BG TASK [d4810616-e120-4be7-990d-9da3e1bc3eac]: Coletando dados de mercado...", "name": "atcoin", "module": "app", "function": "execute_investment_strategy_background", "line": 187}
{"timestamp": "2025-08-07T18:31:04.196076", "level": "INFO", "message": "BG TASK [d4810616-e120-4be7-990d-9da3e1bc3eac]: Dados coletados para BTC/USDT", "name": "atcoin", "module": "app", "function": "execute_investment_strategy_background", "line": 221}
{"timestamp": "2025-08-07T18:31:04.831086", "level": "INFO", "message": "BG TASK [d4810616-e120-4be7-990d-9da3e1bc3eac]: Dados coletados para ETH/USDT", "name": "atcoin", "module": "app", "function": "execute_investment_strategy_background", "line": 221}
{"timestamp": "2025-08-07T18:31:05.467818", "level": "INFO", "message": "BG TASK [d4810616-e120-4be7-990d-9da3e1bc3eac]: Dados coletados para SOL/USDT", "name": "atcoin", "module": "app", "function": "execute_investment_strategy_background", "line": 221}
{"timestamp": "2025-08-07T18:31:06.105630", "level": "INFO", "message": "BG TASK [d4810616-e120-4be7-990d-9da3e1bc3eac]: Dados coletados para ADA/USDT", "name": "atcoin", "module": "app", "function": "execute_investment_strategy_background", "line": 221}
{"timestamp": "2025-08-07T18:31:06.732878", "level": "INFO", "message": "BG TASK [d4810616-e120-4be7-990d-9da3e1bc3eac]: Dados coletados para DOGE/USDT", "name": "atcoin", "module": "app", "function": "execute_investment_strategy_background", "line": 221}
{"timestamp": "2025-08-07T18:31:06.733359", "level": "INFO", "message": "Fechando conex\u00e3o com a exchange para liberar recursos...", "name": "atcoin", "module": "app", "function": "execute_investment_strategy_background", "line": 242}
{"timestamp": "2025-08-07T18:31:06.988396", "level": "INFO", "message": "Conex\u00e3o com a exchange fechada.", "name": "atcoin", "module": "app", "function": "execute_investment_strategy_background", "line": 244}
{"timestamp": "2025-08-07T18:31:09.194033", "level": "INFO", "message": "BG TASK [d4810616-e120-4be7-990d-9da3e1bc3eac]: Dados coletados para a\u00e7\u00e3o AAPL", "name": "atcoin", "module": "app", "function": "execute_investment_strategy_background", "line": 273}
{"timestamp": "2025-08-07T18:31:10.097951", "level": "INFO", "message": "BG TASK [d4810616-e120-4be7-990d-9da3e1bc3eac]: Dados coletados para a\u00e7\u00e3o TSLA", "name": "atcoin", "module": "app", "function": "execute_investment_strategy_background", "line": 273}
{"timestamp": "2025-08-07T18:31:10.936981", "level": "INFO", "message": "BG TASK [d4810616-e120-4be7-990d-9da3e1bc3eac]: Dados coletados para a\u00e7\u00e3o NVDA", "name": "atcoin", "module": "app", "function": "execute_investment_strategy_background", "line": 273}
{"timestamp": "2025-08-07T18:31:11.867321", "level": "INFO", "message": "BG TASK [d4810616-e120-4be7-990d-9da3e1bc3eac]: Dados coletados para a\u00e7\u00e3o MSFT", "name": "atcoin", "module": "app", "function": "execute_investment_strategy_background", "line": 273}
{"timestamp": "2025-08-07T18:31:14.808253", "level": "INFO", "message": "BG TASK [d4810616-e120-4be7-990d-9da3e1bc3eac]: Dados coletados para a\u00e7\u00e3o GOOGL", "name": "atcoin", "module": "app", "function": "execute_investment_strategy_background", "line": 273}
{"timestamp": "2025-08-07T18:31:15.815715", "level": "INFO", "message": "BG TASK [d4810616-e120-4be7-990d-9da3e1bc3eac]: Coleta de dados conclu\u00edda.", "name": "atcoin", "module": "app", "function": "execute_investment_strategy_background", "line": 292}
{"timestamp": "2025-08-07T18:31:15.816261", "level": "INFO", "message": "BG TASK [d4810616-e120-4be7-990d-9da3e1bc3eac]: Executando an\u00e1lise RNN...", "name": "atcoin", "module": "app", "function": "execute_investment_strategy_background", "line": 305}
{"timestamp": "2025-08-07T18:31:15.817653", "level": "WARNING", "message": "BG TASK [d4810616-e120-4be7-990d-9da3e1bc3eac]: Inst\u00e2ncia do preditor RNN n\u00e3o dispon\u00edvel ou modelo interno n\u00e3o carregado. Pulando an\u00e1lise RNN.", "name": "atcoin", "module": "app", "function": "execute_investment_strategy_background", "line": 417}
{"timestamp": "2025-08-07T18:31:15.818212", "level": "WARNING", "message": "BG TASK [d4810616-e120-4be7-990d-9da3e1bc3eac]: Ciclo de investimento n\u00e3o conclu\u00eddo normalmente (failed_rnn_analysis). Valor final baseado no estado atual.", "name": "atcoin", "module": "app", "function": "execute_investment_strategy_background", "line": 730}
{"timestamp": "2025-08-07T18:31:16.071216", "level": "INFO", "message": "BG TASK [d4810616-e120-4be7-990d-9da3e1bc3eac]: Conex\u00e3o ccxt fechada.", "name": "atcoin", "module": "app", "function": "execute_investment_strategy_background", "line": 841}
{"timestamp": "2025-08-07T18:31:16.074150", "level": "INFO", "message": "BG TASK [d4810616-e120-4be7-990d-9da3e1bc3eac]: Enviando callback para AIBank (http://localhost:5001) com status final 'failed_rnn_analysis'. Payload: {\"rnn_transaction_id\":\"d4810616-e120-4be7-990d-9da3e1bc3eac\",\"aibank_transaction_token\":\"tok_diag_abc123\",\"client_id\":\"diagnose-123\",\"initial_amount\":10.0,\"final_amount\":10.0,\"profit_loss\":0.0,\"status\":\"failed_rnn_analysis\",\"timestamp\":\"2025-08-07T18:31:16.071903\",\"details\":\"RNN model/predictor not available for prediction; \"}", "name": "atcoin", "module": "app", "function": "execute_investment_strategy_background", "line": 867}
{"timestamp": "2025-08-07T18:31:16.270710", "level": "ERROR", "message": "BG TASK [d4810616-e120-4be7-990d-9da3e1bc3eac]: Erro de REDE ao enviar callback para AIBank: All connection attempts failed", "name": "atcoin", "module": "app", "function": "execute_investment_strategy_background", "line": 876}
{"timestamp": "2025-08-07T18:40:02.797242", "level": "INFO", "message": "API Key do AIBank verificada com sucesso.", "name": "atcoin", "module": "app", "function": "verify_aibank_key", "line": 149}
{"timestamp": "2025-08-07T18:40:02.797789", "level": "INFO", "message": "Requisi\u00e7\u00e3o de investimento recebida para client_id: diagnose-123, amount: 10.0, aibank_tx_token: tok_diag_abc123", "name": "atcoin", "module": "app", "function": "initiate_investment", "line": 925}
{"timestamp": "2025-08-07T18:40:02.798162", "level": "INFO", "message": "Estrat\u00e9gia de investimento para rnn_tx_id: 6fbd738f-d4b4-47a8-9a8a-c3a61ee09973 agendada para execu\u00e7\u00e3o em background.", "name": "atcoin", "module": "app", "function": "initiate_investment", "line": 950}
{"timestamp": "2025-08-07T18:40:02.799814", "level": "INFO", "message": "BG TASK [6fbd738f-d4b4-47a8-9a8a-c3a61ee09973]: Iniciando estrat\u00e9gia de investimento para cliente diagnose-123, valor 10.0.", "name": "atcoin", "module": "app", "function": "execute_investment_strategy_background", "line": 160}
{"timestamp": "2025-08-07T18:40:02.800130", "level": "INFO", "message": "Iniciando tarefa de investimento em background...", "name": "atcoin", "module": "app", "function": "execute_investment_strategy_background", "line": 172}
{"timestamp": "2025-08-07T18:40:02.800379", "level": "INFO", "message": "Inicializando exchange: binance", "name": "atcoin", "module": "ccxt_utils", "function": "get_ccxt_exchange", "line": 30}
{"timestamp": "2025-08-07T18:40:03.632572", "level": "INFO", "message": "\u2705 Conex\u00e3o com binance estabelecida com sucesso.", "name": "atcoin", "module": "ccxt_utils", "function": "get_ccxt_exchange", "line": 46}
{"timestamp": "2025-08-07T18:40:03.632955", "level": "INFO", "message": "BG TASK [6fbd738f-d4b4-47a8-9a8a-c3a61ee09973]: Coletando dados de mercado...", "name": "atcoin", "module": "app", "function": "execute_investment_strategy_background", "line": 187}
{"timestamp": "2025-08-07T18:40:08.786063", "level": "INFO", "message": "BG TASK [6fbd738f-d4b4-47a8-9a8a-c3a61ee09973]: Dados coletados para BTC/USDT", "name": "atcoin", "module": "app", "function": "execute_investment_strategy_background", "line": 221}
{"timestamp": "2025-08-07T18:40:09.419930", "level": "INFO", "message": "BG TASK [6fbd738f-d4b4-47a8-9a8a-c3a61ee09973]: Dados coletados para ETH/USDT", "name": "atcoin", "module": "app", "function": "execute_investment_strategy_background", "line": 221}
{"timestamp": "2025-08-07T18:40:10.050023", "level": "INFO", "message": "BG TASK [6fbd738f-d4b4-47a8-9a8a-c3a61ee09973]: Dados coletados para SOL/USDT", "name": "atcoin", "module": "app", "function": "execute_investment_strategy_background", "line": 221}
{"timestamp": "2025-08-07T18:40:10.696271", "level": "INFO", "message": "BG TASK [6fbd738f-d4b4-47a8-9a8a-c3a61ee09973]: Dados coletados para ADA/USDT", "name": "atcoin", "module": "app", "function": "execute_investment_strategy_background", "line": 221}
{"timestamp": "2025-08-07T18:40:11.343981", "level": "INFO", "message": "BG TASK [6fbd738f-d4b4-47a8-9a8a-c3a61ee09973]: Dados coletados para DOGE/USDT", "name": "atcoin", "module": "app", "function": "execute_investment_strategy_background", "line": 221}
{"timestamp": "2025-08-07T18:40:11.344206", "level": "INFO", "message": "Fechando conex\u00e3o com a exchange para liberar recursos...", "name": "atcoin", "module": "app", "function": "execute_investment_strategy_background", "line": 242}
{"timestamp": "2025-08-07T18:40:11.597880", "level": "INFO", "message": "Conex\u00e3o com a exchange fechada.", "name": "atcoin", "module": "app", "function": "execute_investment_strategy_background", "line": 244}
{"timestamp": "2025-08-07T18:40:12.792529", "level": "INFO", "message": "BG TASK [6fbd738f-d4b4-47a8-9a8a-c3a61ee09973]: Dados coletados para a\u00e7\u00e3o AAPL", "name": "atcoin", "module": "app", "function": "execute_investment_strategy_background", "line": 273}
{"timestamp": "2025-08-07T18:40:15.537921", "level": "INFO", "message": "BG TASK [6fbd738f-d4b4-47a8-9a8a-c3a61ee09973]: Dados coletados para a\u00e7\u00e3o TSLA", "name": "atcoin", "module": "app", "function": "execute_investment_strategy_background", "line": 273}
{"timestamp": "2025-08-07T18:40:16.578476", "level": "INFO", "message": "BG TASK [6fbd738f-d4b4-47a8-9a8a-c3a61ee09973]: Dados coletados para a\u00e7\u00e3o NVDA", "name": "atcoin", "module": "app", "function": "execute_investment_strategy_background", "line": 273}
{"timestamp": "2025-08-07T18:40:17.192180", "level": "INFO", "message": "BG TASK [6fbd738f-d4b4-47a8-9a8a-c3a61ee09973]: Dados coletados para a\u00e7\u00e3o MSFT", "name": "atcoin", "module": "app", "function": "execute_investment_strategy_background", "line": 273}
{"timestamp": "2025-08-07T18:40:17.822940", "level": "INFO", "message": "BG TASK [6fbd738f-d4b4-47a8-9a8a-c3a61ee09973]: Dados coletados para a\u00e7\u00e3o GOOGL", "name": "atcoin", "module": "app", "function": "execute_investment_strategy_background", "line": 273}
{"timestamp": "2025-08-07T18:40:18.710671", "level": "INFO", "message": "BG TASK [6fbd738f-d4b4-47a8-9a8a-c3a61ee09973]: Coleta de dados conclu\u00edda.", "name": "atcoin", "module": "app", "function": "execute_investment_strategy_background", "line": 292}
{"timestamp": "2025-08-07T18:40:18.711020", "level": "INFO", "message": "BG TASK [6fbd738f-d4b4-47a8-9a8a-c3a61ee09973]: Executando an\u00e1lise RNN...", "name": "atcoin", "module": "app", "function": "execute_investment_strategy_background", "line": 305}
{"timestamp": "2025-08-07T18:40:18.711338", "level": "WARNING", "message": "BG TASK [6fbd738f-d4b4-47a8-9a8a-c3a61ee09973]: Inst\u00e2ncia do preditor RNN n\u00e3o dispon\u00edvel ou modelo interno n\u00e3o carregado. Pulando an\u00e1lise RNN.", "name": "atcoin", "module": "app", "function": "execute_investment_strategy_background", "line": 417}
{"timestamp": "2025-08-07T18:40:18.711680", "level": "WARNING", "message": "BG TASK [6fbd738f-d4b4-47a8-9a8a-c3a61ee09973]: Ciclo de investimento n\u00e3o conclu\u00eddo normalmente (failed_rnn_analysis). Valor final baseado no estado atual.", "name": "atcoin", "module": "app", "function": "execute_investment_strategy_background", "line": 730}
{"timestamp": "2025-08-07T18:40:18.962860", "level": "INFO", "message": "BG TASK [6fbd738f-d4b4-47a8-9a8a-c3a61ee09973]: Conex\u00e3o ccxt fechada.", "name": "atcoin", "module": "app", "function": "execute_investment_strategy_background", "line": 841}
{"timestamp": "2025-08-07T18:40:18.963406", "level": "INFO", "message": "BG TASK [6fbd738f-d4b4-47a8-9a8a-c3a61ee09973]: Enviando callback para AIBank (http://localhost:5001) com status final 'failed_rnn_analysis'. Payload: {\"rnn_transaction_id\":\"6fbd738f-d4b4-47a8-9a8a-c3a61ee09973\",\"aibank_transaction_token\":\"tok_diag_abc123\",\"client_id\":\"diagnose-123\",\"initial_amount\":10.0,\"final_amount\":10.0,\"profit_loss\":0.0,\"status\":\"failed_rnn_analysis\",\"timestamp\":\"2025-08-07T18:40:18.963081\",\"details\":\"RNN model/predictor not available for prediction; \"}", "name": "atcoin", "module": "app", "function": "execute_investment_strategy_background", "line": 867}
{"timestamp": "2025-08-07T18:40:19.053644", "level": "ERROR", "message": "BG TASK [6fbd738f-d4b4-47a8-9a8a-c3a61ee09973]: Erro de REDE ao enviar callback para AIBank: All connection attempts failed", "name": "atcoin", "module": "app", "function": "execute_investment_strategy_background", "line": 876}
