{"timestamp": "2025-08-07T07:36:39.097400", "level": "INFO", "message": "API Key do AIBank verificada com sucesso.", "name": "atcoin", "module": "app", "function": "verify_aibank_key", "line": 144}
{"timestamp": "2025-08-07T07:36:39.119871", "level": "INFO", "message": "Requisi\u00e7\u00e3o de investimento recebida para client_id: diagnose-123, amount: 10.0, aibank_tx_token: tok_diag_abc123", "name": "atcoin", "module": "app", "function": "initiate_investment", "line": 891}
{"timestamp": "2025-08-07T07:36:39.125410", "level": "INFO", "message": "Estrat\u00e9gia de investimento para rnn_tx_id: 90a0e7bd-be45-4cfc-90d2-40cdcf4c491e agendada para execu\u00e7\u00e3o em background.", "name": "atcoin", "module": "app", "function": "initiate_investment", "line": 916}
{"timestamp": "2025-08-07T07:36:39.129069", "level": "INFO", "message": "BG TASK [90a0e7bd-be45-4cfc-90d2-40cdcf4c491e]: Iniciando estrat\u00e9gia de investimento para cliente diagnose-123, valor 10.0.", "name": "atcoin", "module": "app", "function": "execute_investment_strategy_background", "line": 154}
{"timestamp": "2025-08-07T07:36:39.130137", "level": "INFO", "message": "Inicializando exchange: binance", "name": "atcoin", "module": "ccxt_utils", "function": "get_ccxt_exchange", "line": 27}
{"timestamp": "2025-08-07T07:36:40.917481", "level": "INFO", "message": "\u2705 Conex\u00e3o com binance estabelecida com sucesso.", "name": "atcoin", "module": "ccxt_utils", "function": "get_ccxt_exchange", "line": 43}
{"timestamp": "2025-08-07T07:36:40.917687", "level": "INFO", "message": "BG TASK [90a0e7bd-be45-4cfc-90d2-40cdcf4c491e]: Coletando dados de mercado...", "name": "atcoin", "module": "app", "function": "execute_investment_strategy_background", "line": 174}
{"timestamp": "2025-08-07T07:36:47.169806", "level": "ERROR", "message": "BG TASK [90a0e7bd-be45-4cfc-90d2-40cdcf4c491e]: Falha ao coletar dados para BTC/USDT: name 'pd' is not defined", "name": "atcoin", "module": "app", "function": "execute_investment_strategy_background", "line": 210}
{"timestamp": "2025-08-07T07:36:47.478435", "level": "ERROR", "message": "BG TASK [90a0e7bd-be45-4cfc-90d2-40cdcf4c491e]: Falha ao coletar dados para ETH/USDT: name 'pd' is not defined", "name": "atcoin", "module": "app", "function": "execute_investment_strategy_background", "line": 210}
{"timestamp": "2025-08-07T07:36:47.782018", "level": "ERROR", "message": "BG TASK [90a0e7bd-be45-4cfc-90d2-40cdcf4c491e]: Falha ao coletar dados para SOL/USDT: name 'pd' is not defined", "name": "atcoin", "module": "app", "function": "execute_investment_strategy_background", "line": 210}
{"timestamp": "2025-08-07T07:36:48.093547", "level": "ERROR", "message": "BG TASK [90a0e7bd-be45-4cfc-90d2-40cdcf4c491e]: Falha ao coletar dados para ADA/USDT: name 'pd' is not defined", "name": "atcoin", "module": "app", "function": "execute_investment_strategy_background", "line": 210}
{"timestamp": "2025-08-07T07:36:48.402950", "level": "ERROR", "message": "BG TASK [90a0e7bd-be45-4cfc-90d2-40cdcf4c491e]: Falha ao coletar dados para DOGE/USDT: name 'pd' is not defined", "name": "atcoin", "module": "app", "function": "execute_investment_strategy_background", "line": 210}
{"timestamp": "2025-08-07T07:36:50.701842", "level": "ERROR", "message": "BG TASK [90a0e7bd-be45-4cfc-90d2-40cdcf4c491e]: Falha ao coletar dados de a\u00e7\u00f5es: name 'calculate_rsi' is not defined", "name": "atcoin", "module": "app", "function": "execute_investment_strategy_background", "line": 244}
{"timestamp": "2025-08-07T08:04:11.405177", "level": "INFO", "message": "API Key do AIBank verificada com sucesso.", "name": "atcoin", "module": "app", "function": "verify_aibank_key", "line": 144}
{"timestamp": "2025-08-07T08:04:11.406326", "level": "INFO", "message": "Requisi\u00e7\u00e3o de investimento recebida para client_id: diagnose-123, amount: 10.0, aibank_tx_token: tok_diag_abc123", "name": "atcoin", "module": "app", "function": "initiate_investment", "line": 891}
{"timestamp": "2025-08-07T08:04:11.406808", "level": "INFO", "message": "Estrat\u00e9gia de investimento para rnn_tx_id: 67c4e316-71fe-4047-8dd5-d69ea6b1c44a agendada para execu\u00e7\u00e3o em background.", "name": "atcoin", "module": "app", "function": "initiate_investment", "line": 916}
{"timestamp": "2025-08-07T08:04:11.408574", "level": "INFO", "message": "BG TASK [67c4e316-71fe-4047-8dd5-d69ea6b1c44a]: Iniciando estrat\u00e9gia de investimento para cliente diagnose-123, valor 10.0.", "name": "atcoin", "module": "app", "function": "execute_investment_strategy_background", "line": 154}
{"timestamp": "2025-08-07T08:04:11.408827", "level": "INFO", "message": "Inicializando exchange: binance", "name": "atcoin", "module": "ccxt_utils", "function": "get_ccxt_exchange", "line": 27}
{"timestamp": "2025-08-07T08:04:12.407277", "level": "INFO", "message": "\u2705 Conex\u00e3o com binance estabelecida com sucesso.", "name": "atcoin", "module": "ccxt_utils", "function": "get_ccxt_exchange", "line": 43}
{"timestamp": "2025-08-07T08:04:12.407636", "level": "INFO", "message": "BG TASK [67c4e316-71fe-4047-8dd5-d69ea6b1c44a]: Coletando dados de mercado...", "name": "atcoin", "module": "app", "function": "execute_investment_strategy_background", "line": 174}
{"timestamp": "2025-08-07T08:04:16.349442", "level": "ERROR", "message": "BG TASK [67c4e316-71fe-4047-8dd5-d69ea6b1c44a]: Falha ao coletar dados para BTC/USDT: name 'pd' is not defined", "name": "atcoin", "module": "app", "function": "execute_investment_strategy_background", "line": 210}
{"timestamp": "2025-08-07T08:04:16.661224", "level": "ERROR", "message": "BG TASK [67c4e316-71fe-4047-8dd5-d69ea6b1c44a]: Falha ao coletar dados para ETH/USDT: name 'pd' is not defined", "name": "atcoin", "module": "app", "function": "execute_investment_strategy_background", "line": 210}
{"timestamp": "2025-08-07T08:04:16.970945", "level": "ERROR", "message": "BG TASK [67c4e316-71fe-4047-8dd5-d69ea6b1c44a]: Falha ao coletar dados para SOL/USDT: name 'pd' is not defined", "name": "atcoin", "module": "app", "function": "execute_investment_strategy_background", "line": 210}
{"timestamp": "2025-08-07T08:04:17.281649", "level": "ERROR", "message": "BG TASK [67c4e316-71fe-4047-8dd5-d69ea6b1c44a]: Falha ao coletar dados para ADA/USDT: name 'pd' is not defined", "name": "atcoin", "module": "app", "function": "execute_investment_strategy_background", "line": 210}
{"timestamp": "2025-08-07T08:04:17.597454", "level": "ERROR", "message": "BG TASK [67c4e316-71fe-4047-8dd5-d69ea6b1c44a]: Falha ao coletar dados para DOGE/USDT: name 'pd' is not defined", "name": "atcoin", "module": "app", "function": "execute_investment_strategy_background", "line": 210}
{"timestamp": "2025-08-07T08:04:18.099777", "level": "ERROR", "message": "BG TASK [67c4e316-71fe-4047-8dd5-d69ea6b1c44a]: Falha ao coletar dados de a\u00e7\u00f5es: name 'calculate_rsi' is not defined", "name": "atcoin", "module": "app", "function": "execute_investment_strategy_background", "line": 244}
{"timestamp": "2025-08-07T08:05:20.881373", "level": "INFO", "message": "API Key do AIBank verificada com sucesso.", "name": "atcoin", "module": "app", "function": "verify_aibank_key", "line": 144}
{"timestamp": "2025-08-07T08:05:20.881814", "level": "INFO", "message": "Requisi\u00e7\u00e3o de investimento recebida para client_id: diagnose-123, amount: 10.0, aibank_tx_token: tok_diag_abc123", "name": "atcoin", "module": "app", "function": "initiate_investment", "line": 891}
{"timestamp": "2025-08-07T08:05:20.882120", "level": "INFO", "message": "Estrat\u00e9gia de investimento para rnn_tx_id: 9aedef1d-ebb7-4a4e-bd4a-6939d944fbd9 agendada para execu\u00e7\u00e3o em background.", "name": "atcoin", "module": "app", "function": "initiate_investment", "line": 916}
{"timestamp": "2025-08-07T08:05:20.883950", "level": "INFO", "message": "BG TASK [9aedef1d-ebb7-4a4e-bd4a-6939d944fbd9]: Iniciando estrat\u00e9gia de investimento para cliente diagnose-123, valor 10.0.", "name": "atcoin", "module": "app", "function": "execute_investment_strategy_background", "line": 154}
{"timestamp": "2025-08-07T08:05:20.884218", "level": "INFO", "message": "Inicializando exchange: binance", "name": "atcoin", "module": "ccxt_utils", "function": "get_ccxt_exchange", "line": 27}
{"timestamp": "2025-08-07T08:05:21.529041", "level": "INFO", "message": "\u2705 Conex\u00e3o com binance estabelecida com sucesso.", "name": "atcoin", "module": "ccxt_utils", "function": "get_ccxt_exchange", "line": 43}
{"timestamp": "2025-08-07T08:05:21.529548", "level": "INFO", "message": "BG TASK [9aedef1d-ebb7-4a4e-bd4a-6939d944fbd9]: Coletando dados de mercado...", "name": "atcoin", "module": "app", "function": "execute_investment_strategy_background", "line": 174}
{"timestamp": "2025-08-07T08:05:26.589858", "level": "ERROR", "message": "BG TASK [9aedef1d-ebb7-4a4e-bd4a-6939d944fbd9]: Falha ao coletar dados para BTC/USDT: name 'pd' is not defined", "name": "atcoin", "module": "app", "function": "execute_investment_strategy_background", "line": 210}
{"timestamp": "2025-08-07T08:05:26.902567", "level": "ERROR", "message": "BG TASK [9aedef1d-ebb7-4a4e-bd4a-6939d944fbd9]: Falha ao coletar dados para ETH/USDT: name 'pd' is not defined", "name": "atcoin", "module": "app", "function": "execute_investment_strategy_background", "line": 210}
{"timestamp": "2025-08-07T08:05:27.214601", "level": "ERROR", "message": "BG TASK [9aedef1d-ebb7-4a4e-bd4a-6939d944fbd9]: Falha ao coletar dados para SOL/USDT: name 'pd' is not defined", "name": "atcoin", "module": "app", "function": "execute_investment_strategy_background", "line": 210}
{"timestamp": "2025-08-07T08:05:27.525261", "level": "ERROR", "message": "BG TASK [9aedef1d-ebb7-4a4e-bd4a-6939d944fbd9]: Falha ao coletar dados para ADA/USDT: name 'pd' is not defined", "name": "atcoin", "module": "app", "function": "execute_investment_strategy_background", "line": 210}
{"timestamp": "2025-08-07T08:05:27.835704", "level": "ERROR", "message": "BG TASK [9aedef1d-ebb7-4a4e-bd4a-6939d944fbd9]: Falha ao coletar dados para DOGE/USDT: name 'pd' is not defined", "name": "atcoin", "module": "app", "function": "execute_investment_strategy_background", "line": 210}
{"timestamp": "2025-08-07T08:05:28.149657", "level": "ERROR", "message": "BG TASK [9aedef1d-ebb7-4a4e-bd4a-6939d944fbd9]: Falha ao coletar dados de a\u00e7\u00f5es: name 'calculate_rsi' is not defined", "name": "atcoin", "module": "app", "function": "execute_investment_strategy_background", "line": 244}
{"timestamp": "2025-08-07T08:09:44.078013", "level": "INFO", "message": "API Key do AIBank verificada com sucesso.", "name": "atcoin", "module": "app", "function": "verify_aibank_key", "line": 144}
{"timestamp": "2025-08-07T08:09:44.078435", "level": "INFO", "message": "Requisi\u00e7\u00e3o de investimento recebida para client_id: diagnose-123, amount: 10.0, aibank_tx_token: tok_diag_abc123", "name": "atcoin", "module": "app", "function": "initiate_investment", "line": 891}
{"timestamp": "2025-08-07T08:09:44.078899", "level": "INFO", "message": "Estrat\u00e9gia de investimento para rnn_tx_id: b6d2bf4d-a493-4a50-b696-7006f5d49402 agendada para execu\u00e7\u00e3o em background.", "name": "atcoin", "module": "app", "function": "initiate_investment", "line": 916}
{"timestamp": "2025-08-07T08:09:44.080467", "level": "INFO", "message": "BG TASK [b6d2bf4d-a493-4a50-b696-7006f5d49402]: Iniciando estrat\u00e9gia de investimento para cliente diagnose-123, valor 10.0.", "name": "atcoin", "module": "app", "function": "execute_investment_strategy_background", "line": 154}
{"timestamp": "2025-08-07T08:09:44.080819", "level": "INFO", "message": "Inicializando exchange: binance", "name": "atcoin", "module": "ccxt_utils", "function": "get_ccxt_exchange", "line": 27}
{"timestamp": "2025-08-07T08:09:45.069397", "level": "INFO", "message": "\u2705 Conex\u00e3o com binance estabelecida com sucesso.", "name": "atcoin", "module": "ccxt_utils", "function": "get_ccxt_exchange", "line": 43}
{"timestamp": "2025-08-07T08:09:45.069745", "level": "INFO", "message": "BG TASK [b6d2bf4d-a493-4a50-b696-7006f5d49402]: Coletando dados de mercado...", "name": "atcoin", "module": "app", "function": "execute_investment_strategy_background", "line": 174}
{"timestamp": "2025-08-07T08:09:49.242278", "level": "ERROR", "message": "BG TASK [b6d2bf4d-a493-4a50-b696-7006f5d49402]: Falha ao coletar dados para BTC/USDT: name 'pd' is not defined", "name": "atcoin", "module": "app", "function": "execute_investment_strategy_background", "line": 210}
{"timestamp": "2025-08-07T08:09:49.547947", "level": "ERROR", "message": "BG TASK [b6d2bf4d-a493-4a50-b696-7006f5d49402]: Falha ao coletar dados para ETH/USDT: name 'pd' is not defined", "name": "atcoin", "module": "app", "function": "execute_investment_strategy_background", "line": 210}
{"timestamp": "2025-08-07T08:09:49.853262", "level": "ERROR", "message": "BG TASK [b6d2bf4d-a493-4a50-b696-7006f5d49402]: Falha ao coletar dados para SOL/USDT: name 'pd' is not defined", "name": "atcoin", "module": "app", "function": "execute_investment_strategy_background", "line": 210}
{"timestamp": "2025-08-07T08:09:50.161993", "level": "ERROR", "message": "BG TASK [b6d2bf4d-a493-4a50-b696-7006f5d49402]: Falha ao coletar dados para ADA/USDT: name 'pd' is not defined", "name": "atcoin", "module": "app", "function": "execute_investment_strategy_background", "line": 210}
{"timestamp": "2025-08-07T08:09:50.468711", "level": "ERROR", "message": "BG TASK [b6d2bf4d-a493-4a50-b696-7006f5d49402]: Falha ao coletar dados para DOGE/USDT: name 'pd' is not defined", "name": "atcoin", "module": "app", "function": "execute_investment_strategy_background", "line": 210}
{"timestamp": "2025-08-07T08:09:51.220169", "level": "ERROR", "message": "BG TASK [b6d2bf4d-a493-4a50-b696-7006f5d49402]: Falha ao coletar dados de a\u00e7\u00f5es: name 'calculate_rsi' is not defined", "name": "atcoin", "module": "app", "function": "execute_investment_strategy_background", "line": 244}
{"timestamp": "2025-08-07T08:11:43.770091", "level": "INFO", "message": "API Key do AIBank verificada com sucesso.", "name": "atcoin", "module": "app", "function": "verify_aibank_key", "line": 144}
{"timestamp": "2025-08-07T08:11:43.770605", "level": "INFO", "message": "Requisi\u00e7\u00e3o de investimento recebida para client_id: diagnose-123, amount: 10.0, aibank_tx_token: tok_diag_abc123", "name": "atcoin", "module": "app", "function": "initiate_investment", "line": 891}
{"timestamp": "2025-08-07T08:11:43.771742", "level": "INFO", "message": "Estrat\u00e9gia de investimento para rnn_tx_id: f1cdc781-b1ca-40ce-aaf8-ae6041f75616 agendada para execu\u00e7\u00e3o em background.", "name": "atcoin", "module": "app", "function": "initiate_investment", "line": 916}
{"timestamp": "2025-08-07T08:11:43.773183", "level": "INFO", "message": "BG TASK [f1cdc781-b1ca-40ce-aaf8-ae6041f75616]: Iniciando estrat\u00e9gia de investimento para cliente diagnose-123, valor 10.0.", "name": "atcoin", "module": "app", "function": "execute_investment_strategy_background", "line": 154}
{"timestamp": "2025-08-07T08:11:43.773482", "level": "INFO", "message": "Inicializando exchange: binance", "name": "atcoin", "module": "ccxt_utils", "function": "get_ccxt_exchange", "line": 27}
{"timestamp": "2025-08-07T08:11:44.444234", "level": "INFO", "message": "\u2705 Conex\u00e3o com binance estabelecida com sucesso.", "name": "atcoin", "module": "ccxt_utils", "function": "get_ccxt_exchange", "line": 43}
{"timestamp": "2025-08-07T08:11:44.444629", "level": "INFO", "message": "BG TASK [f1cdc781-b1ca-40ce-aaf8-ae6041f75616]: Coletando dados de mercado...", "name": "atcoin", "module": "app", "function": "execute_investment_strategy_background", "line": 174}
{"timestamp": "2025-08-07T08:11:48.386665", "level": "ERROR", "message": "BG TASK [f1cdc781-b1ca-40ce-aaf8-ae6041f75616]: Falha ao coletar dados para BTC/USDT: name 'pd' is not defined", "name": "atcoin", "module": "app", "function": "execute_investment_strategy_background", "line": 210}
{"timestamp": "2025-08-07T08:11:48.693932", "level": "ERROR", "message": "BG TASK [f1cdc781-b1ca-40ce-aaf8-ae6041f75616]: Falha ao coletar dados para ETH/USDT: name 'pd' is not defined", "name": "atcoin", "module": "app", "function": "execute_investment_strategy_background", "line": 210}
{"timestamp": "2025-08-07T08:11:49.000854", "level": "ERROR", "message": "BG TASK [f1cdc781-b1ca-40ce-aaf8-ae6041f75616]: Falha ao coletar dados para SOL/USDT: name 'pd' is not defined", "name": "atcoin", "module": "app", "function": "execute_investment_strategy_background", "line": 210}
{"timestamp": "2025-08-07T08:11:49.303221", "level": "ERROR", "message": "BG TASK [f1cdc781-b1ca-40ce-aaf8-ae6041f75616]: Falha ao coletar dados para ADA/USDT: name 'pd' is not defined", "name": "atcoin", "module": "app", "function": "execute_investment_strategy_background", "line": 210}
{"timestamp": "2025-08-07T08:11:49.608285", "level": "ERROR", "message": "BG TASK [f1cdc781-b1ca-40ce-aaf8-ae6041f75616]: Falha ao coletar dados para DOGE/USDT: name 'pd' is not defined", "name": "atcoin", "module": "app", "function": "execute_investment_strategy_background", "line": 210}
{"timestamp": "2025-08-07T08:11:50.011763", "level": "ERROR", "message": "BG TASK [f1cdc781-b1ca-40ce-aaf8-ae6041f75616]: Falha ao coletar dados de a\u00e7\u00f5es: name 'calculate_rsi' is not defined", "name": "atcoin", "module": "app", "function": "execute_investment_strategy_background", "line": 244}
{"timestamp": "2025-08-07T08:13:20.065410", "level": "INFO", "message": "API Key do AIBank verificada com sucesso.", "name": "atcoin", "module": "app", "function": "verify_aibank_key", "line": 144}
{"timestamp": "2025-08-07T08:13:20.065884", "level": "INFO", "message": "Requisi\u00e7\u00e3o de investimento recebida para client_id: diagnose-123, amount: 10.0, aibank_tx_token: tok_diag_abc123", "name": "atcoin", "module": "app", "function": "initiate_investment", "line": 891}
{"timestamp": "2025-08-07T08:13:20.066181", "level": "INFO", "message": "Estrat\u00e9gia de investimento para rnn_tx_id: f10a49d1-e197-453a-acaf-d9c61ab7e25c agendada para execu\u00e7\u00e3o em background.", "name": "atcoin", "module": "app", "function": "initiate_investment", "line": 916}
{"timestamp": "2025-08-07T08:13:20.067661", "level": "INFO", "message": "BG TASK [f10a49d1-e197-453a-acaf-d9c61ab7e25c]: Iniciando estrat\u00e9gia de investimento para cliente diagnose-123, valor 10.0.", "name": "atcoin", "module": "app", "function": "execute_investment_strategy_background", "line": 154}
{"timestamp": "2025-08-07T08:13:20.067841", "level": "INFO", "message": "Inicializando exchange: binance", "name": "atcoin", "module": "ccxt_utils", "function": "get_ccxt_exchange", "line": 27}
{"timestamp": "2025-08-07T08:13:20.694621", "level": "INFO", "message": "\u2705 Conex\u00e3o com binance estabelecida com sucesso.", "name": "atcoin", "module": "ccxt_utils", "function": "get_ccxt_exchange", "line": 43}
{"timestamp": "2025-08-07T08:13:20.694917", "level": "INFO", "message": "BG TASK [f10a49d1-e197-453a-acaf-d9c61ab7e25c]: Coletando dados de mercado...", "name": "atcoin", "module": "app", "function": "execute_investment_strategy_background", "line": 174}
{"timestamp": "2025-08-07T08:13:25.369373", "level": "ERROR", "message": "BG TASK [f10a49d1-e197-453a-acaf-d9c61ab7e25c]: Falha ao coletar dados para BTC/USDT: name 'pd' is not defined", "name": "atcoin", "module": "app", "function": "execute_investment_strategy_background", "line": 210}
{"timestamp": "2025-08-07T08:13:25.680869", "level": "ERROR", "message": "BG TASK [f10a49d1-e197-453a-acaf-d9c61ab7e25c]: Falha ao coletar dados para ETH/USDT: name 'pd' is not defined", "name": "atcoin", "module": "app", "function": "execute_investment_strategy_background", "line": 210}
{"timestamp": "2025-08-07T08:13:25.990283", "level": "ERROR", "message": "BG TASK [f10a49d1-e197-453a-acaf-d9c61ab7e25c]: Falha ao coletar dados para SOL/USDT: name 'pd' is not defined", "name": "atcoin", "module": "app", "function": "execute_investment_strategy_background", "line": 210}
{"timestamp": "2025-08-07T08:13:26.303759", "level": "ERROR", "message": "BG TASK [f10a49d1-e197-453a-acaf-d9c61ab7e25c]: Falha ao coletar dados para ADA/USDT: name 'pd' is not defined", "name": "atcoin", "module": "app", "function": "execute_investment_strategy_background", "line": 210}
{"timestamp": "2025-08-07T08:13:26.615521", "level": "ERROR", "message": "BG TASK [f10a49d1-e197-453a-acaf-d9c61ab7e25c]: Falha ao coletar dados para DOGE/USDT: name 'pd' is not defined", "name": "atcoin", "module": "app", "function": "execute_investment_strategy_background", "line": 210}
{"timestamp": "2025-08-07T08:13:26.843344", "level": "ERROR", "message": "BG TASK [f10a49d1-e197-453a-acaf-d9c61ab7e25c]: Falha ao coletar dados de a\u00e7\u00f5es: name 'calculate_rsi' is not defined", "name": "atcoin", "module": "app", "function": "execute_investment_strategy_background", "line": 244}
{"timestamp": "2025-08-07T08:19:03.404018", "level": "INFO", "message": "API Key do AIBank verificada com sucesso.", "name": "atcoin", "module": "app", "function": "verify_aibank_key", "line": 144}
{"timestamp": "2025-08-07T08:19:03.404323", "level": "INFO", "message": "Requisi\u00e7\u00e3o de investimento recebida para client_id: diagnose-123, amount: 10.0, aibank_tx_token: tok_diag_abc123", "name": "atcoin", "module": "app", "function": "initiate_investment", "line": 891}
{"timestamp": "2025-08-07T08:19:03.404565", "level": "INFO", "message": "Estrat\u00e9gia de investimento para rnn_tx_id: 84a57917-ecf5-410b-917b-6817551aeb58 agendada para execu\u00e7\u00e3o em background.", "name": "atcoin", "module": "app", "function": "initiate_investment", "line": 916}
{"timestamp": "2025-08-07T08:19:03.405931", "level": "INFO", "message": "BG TASK [84a57917-ecf5-410b-917b-6817551aeb58]: Iniciando estrat\u00e9gia de investimento para cliente diagnose-123, valor 10.0.", "name": "atcoin", "module": "app", "function": "execute_investment_strategy_background", "line": 154}
{"timestamp": "2025-08-07T08:19:03.406109", "level": "INFO", "message": "Inicializando exchange: binance", "name": "atcoin", "module": "ccxt_utils", "function": "get_ccxt_exchange", "line": 27}
{"timestamp": "2025-08-07T08:19:04.328213", "level": "INFO", "message": "\u2705 Conex\u00e3o com binance estabelecida com sucesso.", "name": "atcoin", "module": "ccxt_utils", "function": "get_ccxt_exchange", "line": 43}
{"timestamp": "2025-08-07T08:19:04.328474", "level": "INFO", "message": "BG TASK [84a57917-ecf5-410b-917b-6817551aeb58]: Coletando dados de mercado...", "name": "atcoin", "module": "app", "function": "execute_investment_strategy_background", "line": 174}
{"timestamp": "2025-08-07T08:19:08.889322", "level": "ERROR", "message": "BG TASK [84a57917-ecf5-410b-917b-6817551aeb58]: Falha ao coletar dados para BTC/USDT: name 'pd' is not defined", "name": "atcoin", "module": "app", "function": "execute_investment_strategy_background", "line": 210}
{"timestamp": "2025-08-07T08:19:09.253724", "level": "ERROR", "message": "BG TASK [84a57917-ecf5-410b-917b-6817551aeb58]: Falha ao coletar dados para ETH/USDT: name 'pd' is not defined", "name": "atcoin", "module": "app", "function": "execute_investment_strategy_background", "line": 210}
{"timestamp": "2025-08-07T08:19:09.558545", "level": "ERROR", "message": "BG TASK [84a57917-ecf5-410b-917b-6817551aeb58]: Falha ao coletar dados para SOL/USDT: name 'pd' is not defined", "name": "atcoin", "module": "app", "function": "execute_investment_strategy_background", "line": 210}
{"timestamp": "2025-08-07T08:19:09.868159", "level": "ERROR", "message": "BG TASK [84a57917-ecf5-410b-917b-6817551aeb58]: Falha ao coletar dados para ADA/USDT: name 'pd' is not defined", "name": "atcoin", "module": "app", "function": "execute_investment_strategy_background", "line": 210}
{"timestamp": "2025-08-07T08:19:10.175693", "level": "ERROR", "message": "BG TASK [84a57917-ecf5-410b-917b-6817551aeb58]: Falha ao coletar dados para DOGE/USDT: name 'pd' is not defined", "name": "atcoin", "module": "app", "function": "execute_investment_strategy_background", "line": 210}
{"timestamp": "2025-08-07T08:19:10.716259", "level": "ERROR", "message": "BG TASK [84a57917-ecf5-410b-917b-6817551aeb58]: Falha ao coletar dados de a\u00e7\u00f5es: name 'calculate_rsi' is not defined", "name": "atcoin", "module": "app", "function": "execute_investment_strategy_background", "line": 244}
{"timestamp": "2025-08-07T08:34:04.063540", "level": "INFO", "message": "API Key do AIBank verificada com sucesso.", "name": "atcoin", "module": "app", "function": "verify_aibank_key", "line": 144}
{"timestamp": "2025-08-07T08:34:04.063934", "level": "INFO", "message": "Requisi\u00e7\u00e3o de investimento recebida para client_id: diagnose-123, amount: 10.0, aibank_tx_token: tok_diag_abc123", "name": "atcoin", "module": "app", "function": "initiate_investment", "line": 891}
{"timestamp": "2025-08-07T08:34:04.064307", "level": "INFO", "message": "Estrat\u00e9gia de investimento para rnn_tx_id: 46839ace-5cf5-4359-af28-2a2b987cdd9a agendada para execu\u00e7\u00e3o em background.", "name": "atcoin", "module": "app", "function": "initiate_investment", "line": 916}
{"timestamp": "2025-08-07T08:34:04.065896", "level": "INFO", "message": "BG TASK [46839ace-5cf5-4359-af28-2a2b987cdd9a]: Iniciando estrat\u00e9gia de investimento para cliente diagnose-123, valor 10.0.", "name": "atcoin", "module": "app", "function": "execute_investment_strategy_background", "line": 154}
{"timestamp": "2025-08-07T08:34:04.066171", "level": "INFO", "message": "Inicializando exchange: binance", "name": "atcoin", "module": "ccxt_utils", "function": "get_ccxt_exchange", "line": 27}
{"timestamp": "2025-08-07T08:34:04.863199", "level": "INFO", "message": "\u2705 Conex\u00e3o com binance estabelecida com sucesso.", "name": "atcoin", "module": "ccxt_utils", "function": "get_ccxt_exchange", "line": 43}
{"timestamp": "2025-08-07T08:34:04.863571", "level": "INFO", "message": "BG TASK [46839ace-5cf5-4359-af28-2a2b987cdd9a]: Coletando dados de mercado...", "name": "atcoin", "module": "app", "function": "execute_investment_strategy_background", "line": 174}
{"timestamp": "2025-08-07T08:34:10.172843", "level": "ERROR", "message": "BG TASK [46839ace-5cf5-4359-af28-2a2b987cdd9a]: Falha ao coletar dados para BTC/USDT: name 'pd' is not defined", "name": "atcoin", "module": "app", "function": "execute_investment_strategy_background", "line": 210}
{"timestamp": "2025-08-07T08:34:10.487755", "level": "ERROR", "message": "BG TASK [46839ace-5cf5-4359-af28-2a2b987cdd9a]: Falha ao coletar dados para ETH/USDT: name 'pd' is not defined", "name": "atcoin", "module": "app", "function": "execute_investment_strategy_background", "line": 210}
{"timestamp": "2025-08-07T08:34:10.791816", "level": "ERROR", "message": "BG TASK [46839ace-5cf5-4359-af28-2a2b987cdd9a]: Falha ao coletar dados para SOL/USDT: name 'pd' is not defined", "name": "atcoin", "module": "app", "function": "execute_investment_strategy_background", "line": 210}
{"timestamp": "2025-08-07T08:34:11.102190", "level": "ERROR", "message": "BG TASK [46839ace-5cf5-4359-af28-2a2b987cdd9a]: Falha ao coletar dados para ADA/USDT: name 'pd' is not defined", "name": "atcoin", "module": "app", "function": "execute_investment_strategy_background", "line": 210}
{"timestamp": "2025-08-07T08:34:11.411163", "level": "ERROR", "message": "BG TASK [46839ace-5cf5-4359-af28-2a2b987cdd9a]: Falha ao coletar dados para DOGE/USDT: name 'pd' is not defined", "name": "atcoin", "module": "app", "function": "execute_investment_strategy_background", "line": 210}
{"timestamp": "2025-08-07T08:34:11.848404", "level": "ERROR", "message": "BG TASK [46839ace-5cf5-4359-af28-2a2b987cdd9a]: Falha ao coletar dados de a\u00e7\u00f5es: name 'calculate_rsi' is not defined", "name": "atcoin", "module": "app", "function": "execute_investment_strategy_background", "line": 244}
{"timestamp": "2025-08-07T08:42:17.990357", "level": "INFO", "message": "API Key do AIBank verificada com sucesso.", "name": "atcoin", "module": "app", "function": "verify_aibank_key", "line": 144}
{"timestamp": "2025-08-07T08:42:17.990748", "level": "INFO", "message": "Requisi\u00e7\u00e3o de investimento recebida para client_id: diagnose-123, amount: 10.0, aibank_tx_token: tok_diag_abc123", "name": "atcoin", "module": "app", "function": "initiate_investment", "line": 891}
{"timestamp": "2025-08-07T08:42:17.990979", "level": "INFO", "message": "Estrat\u00e9gia de investimento para rnn_tx_id: 4401f5be-97e9-460a-b60a-f4b9276988f8 agendada para execu\u00e7\u00e3o em background.", "name": "atcoin", "module": "app", "function": "initiate_investment", "line": 916}
{"timestamp": "2025-08-07T08:42:17.992696", "level": "INFO", "message": "BG TASK [4401f5be-97e9-460a-b60a-f4b9276988f8]: Iniciando estrat\u00e9gia de investimento para cliente diagnose-123, valor 10.0.", "name": "atcoin", "module": "app", "function": "execute_investment_strategy_background", "line": 154}
{"timestamp": "2025-08-07T08:42:17.992872", "level": "INFO", "message": "Inicializando exchange: binance", "name": "atcoin", "module": "ccxt_utils", "function": "get_ccxt_exchange", "line": 27}
{"timestamp": "2025-08-07T08:42:18.957067", "level": "INFO", "message": "\u2705 Conex\u00e3o com binance estabelecida com sucesso.", "name": "atcoin", "module": "ccxt_utils", "function": "get_ccxt_exchange", "line": 43}
{"timestamp": "2025-08-07T08:42:18.957429", "level": "INFO", "message": "BG TASK [4401f5be-97e9-460a-b60a-f4b9276988f8]: Coletando dados de mercado...", "name": "atcoin", "module": "app", "function": "execute_investment_strategy_background", "line": 174}
{"timestamp": "2025-08-07T08:42:23.442757", "level": "ERROR", "message": "BG TASK [4401f5be-97e9-460a-b60a-f4b9276988f8]: Falha ao coletar dados para BTC/USDT: name 'pd' is not defined", "name": "atcoin", "module": "app", "function": "execute_investment_strategy_background", "line": 210}
{"timestamp": "2025-08-07T08:42:23.749826", "level": "ERROR", "message": "BG TASK [4401f5be-97e9-460a-b60a-f4b9276988f8]: Falha ao coletar dados para ETH/USDT: name 'pd' is not defined", "name": "atcoin", "module": "app", "function": "execute_investment_strategy_background", "line": 210}
{"timestamp": "2025-08-07T08:42:24.062005", "level": "ERROR", "message": "BG TASK [4401f5be-97e9-460a-b60a-f4b9276988f8]: Falha ao coletar dados para SOL/USDT: name 'pd' is not defined", "name": "atcoin", "module": "app", "function": "execute_investment_strategy_background", "line": 210}
{"timestamp": "2025-08-07T08:42:24.373850", "level": "ERROR", "message": "BG TASK [4401f5be-97e9-460a-b60a-f4b9276988f8]: Falha ao coletar dados para ADA/USDT: name 'pd' is not defined", "name": "atcoin", "module": "app", "function": "execute_investment_strategy_background", "line": 210}
{"timestamp": "2025-08-07T08:42:24.690327", "level": "ERROR", "message": "BG TASK [4401f5be-97e9-460a-b60a-f4b9276988f8]: Falha ao coletar dados para DOGE/USDT: name 'pd' is not defined", "name": "atcoin", "module": "app", "function": "execute_investment_strategy_background", "line": 210}
{"timestamp": "2025-08-07T08:42:25.608326", "level": "ERROR", "message": "BG TASK [4401f5be-97e9-460a-b60a-f4b9276988f8]: Falha ao coletar dados de a\u00e7\u00f5es: name 'calculate_rsi' is not defined", "name": "atcoin", "module": "app", "function": "execute_investment_strategy_background", "line": 244}
{"timestamp": "2025-08-07T08:49:19.302194", "level": "INFO", "message": "API Key do AIBank verificada com sucesso.", "name": "atcoin", "module": "app", "function": "verify_aibank_key", "line": 144}
{"timestamp": "2025-08-07T08:49:19.303590", "level": "INFO", "message": "Requisi\u00e7\u00e3o de investimento recebida para client_id: diagnose-123, amount: 10.0, aibank_tx_token: tok_diag_abc123", "name": "atcoin", "module": "app", "function": "initiate_investment", "line": 891}
{"timestamp": "2025-08-07T08:49:19.304004", "level": "INFO", "message": "Estrat\u00e9gia de investimento para rnn_tx_id: a8b9b39f-a660-4c3e-ac7d-e4f62215c7f1 agendada para execu\u00e7\u00e3o em background.", "name": "atcoin", "module": "app", "function": "initiate_investment", "line": 916}
{"timestamp": "2025-08-07T08:49:19.305915", "level": "INFO", "message": "BG TASK [a8b9b39f-a660-4c3e-ac7d-e4f62215c7f1]: Iniciando estrat\u00e9gia de investimento para cliente diagnose-123, valor 10.0.", "name": "atcoin", "module": "app", "function": "execute_investment_strategy_background", "line": 154}
{"timestamp": "2025-08-07T08:49:19.306192", "level": "INFO", "message": "Inicializando exchange: binance", "name": "atcoin", "module": "ccxt_utils", "function": "get_ccxt_exchange", "line": 27}
{"timestamp": "2025-08-07T08:49:20.343945", "level": "INFO", "message": "\u2705 Conex\u00e3o com binance estabelecida com sucesso.", "name": "atcoin", "module": "ccxt_utils", "function": "get_ccxt_exchange", "line": 43}
{"timestamp": "2025-08-07T08:49:20.344384", "level": "INFO", "message": "BG TASK [a8b9b39f-a660-4c3e-ac7d-e4f62215c7f1]: Coletando dados de mercado...", "name": "atcoin", "module": "app", "function": "execute_investment_strategy_background", "line": 174}
{"timestamp": "2025-08-07T08:49:24.460308", "level": "ERROR", "message": "BG TASK [a8b9b39f-a660-4c3e-ac7d-e4f62215c7f1]: Falha ao coletar dados para BTC/USDT: name 'pd' is not defined", "name": "atcoin", "module": "app", "function": "execute_investment_strategy_background", "line": 210}
{"timestamp": "2025-08-07T08:49:24.769543", "level": "ERROR", "message": "BG TASK [a8b9b39f-a660-4c3e-ac7d-e4f62215c7f1]: Falha ao coletar dados para ETH/USDT: name 'pd' is not defined", "name": "atcoin", "module": "app", "function": "execute_investment_strategy_background", "line": 210}
{"timestamp": "2025-08-07T08:49:25.079679", "level": "ERROR", "message": "BG TASK [a8b9b39f-a660-4c3e-ac7d-e4f62215c7f1]: Falha ao coletar dados para SOL/USDT: name 'pd' is not defined", "name": "atcoin", "module": "app", "function": "execute_investment_strategy_background", "line": 210}
{"timestamp": "2025-08-07T08:49:25.396233", "level": "ERROR", "message": "BG TASK [a8b9b39f-a660-4c3e-ac7d-e4f62215c7f1]: Falha ao coletar dados para ADA/USDT: name 'pd' is not defined", "name": "atcoin", "module": "app", "function": "execute_investment_strategy_background", "line": 210}
{"timestamp": "2025-08-07T08:49:25.707626", "level": "ERROR", "message": "BG TASK [a8b9b39f-a660-4c3e-ac7d-e4f62215c7f1]: Falha ao coletar dados para DOGE/USDT: name 'pd' is not defined", "name": "atcoin", "module": "app", "function": "execute_investment_strategy_background", "line": 210}
{"timestamp": "2025-08-07T08:49:26.283533", "level": "ERROR", "message": "BG TASK [a8b9b39f-a660-4c3e-ac7d-e4f62215c7f1]: Falha ao coletar dados de a\u00e7\u00f5es: name 'calculate_rsi' is not defined", "name": "atcoin", "module": "app", "function": "execute_investment_strategy_background", "line": 244}
{"timestamp": "2025-08-07T12:00:39.525154", "level": "INFO", "message": "API Key do AIBank verificada com sucesso.", "name": "atcoin", "module": "app", "function": "verify_aibank_key", "line": 144}
{"timestamp": "2025-08-07T12:00:39.529922", "level": "INFO", "message": "Requisi\u00e7\u00e3o de investimento recebida para client_id: diagnose-123, amount: 10.0, aibank_tx_token: tok_diag_abc123", "name": "atcoin", "module": "app", "function": "initiate_investment", "line": 891}
{"timestamp": "2025-08-07T12:00:39.534972", "level": "INFO", "message": "Estrat\u00e9gia de investimento para rnn_tx_id: 881fb088-6deb-4e2e-8b3b-e7abef83f138 agendada para execu\u00e7\u00e3o em background.", "name": "atcoin", "module": "app", "function": "initiate_investment", "line": 916}
{"timestamp": "2025-08-07T12:00:39.537574", "level": "INFO", "message": "BG TASK [881fb088-6deb-4e2e-8b3b-e7abef83f138]: Iniciando estrat\u00e9gia de investimento para cliente diagnose-123, valor 10.0.", "name": "atcoin", "module": "app", "function": "execute_investment_strategy_background", "line": 154}
{"timestamp": "2025-08-07T12:00:39.539039", "level": "INFO", "message": "Inicializando exchange: binance", "name": "atcoin", "module": "ccxt_utils", "function": "get_ccxt_exchange", "line": 27}
{"timestamp": "2025-08-07T12:00:40.885154", "level": "INFO", "message": "\u2705 Conex\u00e3o com binance estabelecida com sucesso.", "name": "atcoin", "module": "ccxt_utils", "function": "get_ccxt_exchange", "line": 43}
{"timestamp": "2025-08-07T12:00:40.885924", "level": "INFO", "message": "BG TASK [881fb088-6deb-4e2e-8b3b-e7abef83f138]: Coletando dados de mercado...", "name": "atcoin", "module": "app", "function": "execute_investment_strategy_background", "line": 174}
{"timestamp": "2025-08-07T12:00:46.318124", "level": "ERROR", "message": "BG TASK [881fb088-6deb-4e2e-8b3b-e7abef83f138]: Falha ao coletar dados para BTC/USDT: name 'pd' is not defined", "name": "atcoin", "module": "app", "function": "execute_investment_strategy_background", "line": 210}
{"timestamp": "2025-08-07T12:00:46.632915", "level": "ERROR", "message": "BG TASK [881fb088-6deb-4e2e-8b3b-e7abef83f138]: Falha ao coletar dados para ETH/USDT: name 'pd' is not defined", "name": "atcoin", "module": "app", "function": "execute_investment_strategy_background", "line": 210}
{"timestamp": "2025-08-07T12:00:46.938644", "level": "ERROR", "message": "BG TASK [881fb088-6deb-4e2e-8b3b-e7abef83f138]: Falha ao coletar dados para SOL/USDT: name 'pd' is not defined", "name": "atcoin", "module": "app", "function": "execute_investment_strategy_background", "line": 210}
{"timestamp": "2025-08-07T12:00:47.252962", "level": "ERROR", "message": "BG TASK [881fb088-6deb-4e2e-8b3b-e7abef83f138]: Falha ao coletar dados para ADA/USDT: name 'pd' is not defined", "name": "atcoin", "module": "app", "function": "execute_investment_strategy_background", "line": 210}
{"timestamp": "2025-08-07T12:00:47.563985", "level": "ERROR", "message": "BG TASK [881fb088-6deb-4e2e-8b3b-e7abef83f138]: Falha ao coletar dados para DOGE/USDT: name 'pd' is not defined", "name": "atcoin", "module": "app", "function": "execute_investment_strategy_background", "line": 210}
{"timestamp": "2025-08-07T12:00:48.505484", "level": "ERROR", "message": "BG TASK [881fb088-6deb-4e2e-8b3b-e7abef83f138]: Falha ao coletar dados de a\u00e7\u00f5es: name 'calculate_rsi' is not defined", "name": "atcoin", "module": "app", "function": "execute_investment_strategy_background", "line": 244}
{"timestamp": "2025-08-07T12:03:16.048326", "level": "INFO", "message": "API Key do AIBank verificada com sucesso.", "name": "atcoin", "module": "app", "function": "verify_aibank_key", "line": 144}
{"timestamp": "2025-08-07T12:03:16.048701", "level": "INFO", "message": "Requisi\u00e7\u00e3o de investimento recebida para client_id: diagnose-123, amount: 10.0, aibank_tx_token: tok_diag_abc123", "name": "atcoin", "module": "app", "function": "initiate_investment", "line": 891}
{"timestamp": "2025-08-07T12:03:16.049416", "level": "INFO", "message": "Estrat\u00e9gia de investimento para rnn_tx_id: ba4aa079-5507-4f09-8d44-7274c0d92818 agendada para execu\u00e7\u00e3o em background.", "name": "atcoin", "module": "app", "function": "initiate_investment", "line": 916}
{"timestamp": "2025-08-07T12:03:16.050853", "level": "INFO", "message": "BG TASK [ba4aa079-5507-4f09-8d44-7274c0d92818]: Iniciando estrat\u00e9gia de investimento para cliente diagnose-123, valor 10.0.", "name": "atcoin", "module": "app", "function": "execute_investment_strategy_background", "line": 154}
{"timestamp": "2025-08-07T12:03:16.051102", "level": "INFO", "message": "Inicializando exchange: binance", "name": "atcoin", "module": "ccxt_utils", "function": "get_ccxt_exchange", "line": 27}
{"timestamp": "2025-08-07T12:03:16.902340", "level": "INFO", "message": "\u2705 Conex\u00e3o com binance estabelecida com sucesso.", "name": "atcoin", "module": "ccxt_utils", "function": "get_ccxt_exchange", "line": 43}
{"timestamp": "2025-08-07T12:03:16.902709", "level": "INFO", "message": "BG TASK [ba4aa079-5507-4f09-8d44-7274c0d92818]: Coletando dados de mercado...", "name": "atcoin", "module": "app", "function": "execute_investment_strategy_background", "line": 174}
{"timestamp": "2025-08-07T12:03:24.145917", "level": "ERROR", "message": "BG TASK [ba4aa079-5507-4f09-8d44-7274c0d92818]: Falha ao coletar dados para BTC/USDT: name 'pd' is not defined", "name": "atcoin", "module": "app", "function": "execute_investment_strategy_background", "line": 210}
{"timestamp": "2025-08-07T12:03:24.463396", "level": "ERROR", "message": "BG TASK [ba4aa079-5507-4f09-8d44-7274c0d92818]: Falha ao coletar dados para ETH/USDT: name 'pd' is not defined", "name": "atcoin", "module": "app", "function": "execute_investment_strategy_background", "line": 210}
{"timestamp": "2025-08-07T12:03:24.780988", "level": "ERROR", "message": "BG TASK [ba4aa079-5507-4f09-8d44-7274c0d92818]: Falha ao coletar dados para SOL/USDT: name 'pd' is not defined", "name": "atcoin", "module": "app", "function": "execute_investment_strategy_background", "line": 210}
{"timestamp": "2025-08-07T12:03:25.094287", "level": "ERROR", "message": "BG TASK [ba4aa079-5507-4f09-8d44-7274c0d92818]: Falha ao coletar dados para ADA/USDT: name 'pd' is not defined", "name": "atcoin", "module": "app", "function": "execute_investment_strategy_background", "line": 210}
{"timestamp": "2025-08-07T12:03:25.408328", "level": "ERROR", "message": "BG TASK [ba4aa079-5507-4f09-8d44-7274c0d92818]: Falha ao coletar dados para DOGE/USDT: name 'pd' is not defined", "name": "atcoin", "module": "app", "function": "execute_investment_strategy_background", "line": 210}
{"timestamp": "2025-08-07T12:03:25.733145", "level": "ERROR", "message": "BG TASK [ba4aa079-5507-4f09-8d44-7274c0d92818]: Falha ao coletar dados de a\u00e7\u00f5es: name 'calculate_rsi' is not defined", "name": "atcoin", "module": "app", "function": "execute_investment_strategy_background", "line": 244}
