{"timestamp": "2025-08-04T14:06:59.047203", "level": "WARNING", "message": "AIBANK_API_KEY n\u00e3o configurada. A autentica\u00e7\u00e3o para /api/invest falhou.", "name": "atcoin", "module": "app", "function": "<module>", "line": 69}
{"timestamp": "2025-08-04T14:06:59.047687", "level": "WARNING", "message": "AIBANK_CALLBACK_URL n\u00e3o configurada. O callback para o aibank falhou.", "name": "atcoin", "module": "app", "function": "<module>", "line": 71}
{"timestamp": "2025-08-04T14:06:59.047923", "level": "WARNING", "message": "CALLBACK_SHARED_SECRET n\u00e3o configurado. A seguran\u00e7a do callback est\u00e1 comprometida.", "name": "atcoin", "module": "app", "function": "<module>", "line": 73}
{"timestamp": "2025-08-04T14:06:59.168661", "level": "INFO", "message": "\u2705 Templates e arquivos est\u00e1ticos carregados com sucesso.", "name": "atcoin", "module": "app", "function": "<module>", "line": 940}
{"timestamp": "2025-08-04T14:06:59.173695", "level": "INFO", "message": "\ud83d\udd25 Iniciando servidor Uvicorn...", "name": "atcoin", "module": "app", "function": "<module>", "line": 985}
{"timestamp": "2025-08-04T14:06:59.731916", "level": "WARNING", "message": "AIBANK_API_KEY n\u00e3o configurada. A autentica\u00e7\u00e3o para /api/invest falhou.", "name": "atcoin", "module": "app", "function": "<module>", "line": 69}
{"timestamp": "2025-08-04T14:06:59.732785", "level": "WARNING", "message": "AIBANK_CALLBACK_URL n\u00e3o configurada. O callback para o aibank falhou.", "name": "atcoin", "module": "app", "function": "<module>", "line": 71}
{"timestamp": "2025-08-04T14:06:59.733460", "level": "WARNING", "message": "CALLBACK_SHARED_SECRET n\u00e3o configurado. A seguran\u00e7a do callback est\u00e1 comprometida.", "name": "atcoin", "module": "app", "function": "<module>", "line": 73}
{"timestamp": "2025-08-04T14:06:59.766367", "level": "INFO", "message": "\u2705 Templates e arquivos est\u00e1ticos carregados com sucesso.", "name": "atcoin", "module": "app", "function": "<module>", "line": 940}
{"timestamp": "2025-08-04T14:06:59.772641", "level": "ERROR", "message": "\u274c Falha ao carregar o modelo: 'bool' object is not callable", "name": "atcoin", "module": "app", "function": "startup_event", "line": 876}
{"timestamp": "2025-08-04T14:10:10.739232", "level": "ERROR", "message": "CRITICAL: AIBANK_API_KEY (server-side) n\u00e3o est\u00e1 configurada nos Secrets.", "name": "atcoin", "module": "app", "function": "verify_aibank_key", "line": 128}
{"timestamp": "2025-08-04T14:12:30.454835", "level": "ERROR", "message": "CRITICAL: AIBANK_API_KEY (server-side) n\u00e3o est\u00e1 configurada nos Secrets.", "name": "atcoin", "module": "app", "function": "verify_aibank_key", "line": 128}
{"timestamp": "2025-08-04T14:14:28.582673", "level": "ERROR", "message": "CRITICAL: AIBANK_API_KEY (server-side) n\u00e3o est\u00e1 configurada nos Secrets.", "name": "atcoin", "module": "app", "function": "verify_aibank_key", "line": 128}
{"timestamp": "2025-08-04T14:19:00.679306", "level": "ERROR", "message": "CRITICAL: AIBANK_API_KEY (server-side) n\u00e3o est\u00e1 configurada nos Secrets.", "name": "atcoin", "module": "app", "function": "verify_aibank_key", "line": 128}
{"timestamp": "2025-08-04T15:20:23.066623", "level": "INFO", "message": "\u2705 Templates e arquivos est\u00e1ticos carregados com sucesso.", "name": "atcoin", "module": "app", "function": "<module>", "line": 940}
{"timestamp": "2025-08-04T15:20:23.074155", "level": "INFO", "message": "\ud83d\udd25 Iniciando servidor Uvicorn...", "name": "atcoin", "module": "app", "function": "<module>", "line": 985}
{"timestamp": "2025-08-04T15:20:23.639906", "level": "INFO", "message": "\u2705 Templates e arquivos est\u00e1ticos carregados com sucesso.", "name": "atcoin", "module": "app", "function": "<module>", "line": 940}
{"timestamp": "2025-08-04T15:20:23.645471", "level": "ERROR", "message": "\u274c Falha ao carregar o modelo: 'bool' object is not callable", "name": "atcoin", "module": "app", "function": "startup_event", "line": 876}
{"timestamp": "2025-08-04T17:52:37.865443", "level": "INFO", "message": "\u2705 Templates e arquivos est\u00e1ticos carregados com sucesso.", "name": "atcoin", "module": "app", "function": "<module>", "line": 940}
{"timestamp": "2025-08-04T17:52:37.868566", "level": "INFO", "message": "\ud83d\udd25 Iniciando servidor Uvicorn...", "name": "atcoin", "module": "app", "function": "<module>", "line": 985}
{"timestamp": "2025-08-04T17:52:38.010452", "level": "INFO", "message": "\u2705 Templates e arquivos est\u00e1ticos carregados com sucesso.", "name": "atcoin", "module": "app", "function": "<module>", "line": 940}
{"timestamp": "2025-08-04T17:52:38.013513", "level": "ERROR", "message": "\u274c Falha ao carregar o modelo: 'bool' object is not callable", "name": "atcoin", "module": "app", "function": "startup_event", "line": 876}
{"timestamp": "2025-08-04T18:20:56.496375", "level": "INFO", "message": "API Key do AIBank verificada com sucesso.", "name": "atcoin", "module": "app", "function": "verify_aibank_key", "line": 144}
{"timestamp": "2025-08-04T18:20:56.500259", "level": "INFO", "message": "Requisi\u00e7\u00e3o de investimento recebida para client_id: diagnose-123, amount: 10.0, aibank_tx_token: tok_diag_abc123", "name": "atcoin", "module": "app", "function": "initiate_investment", "line": 891}
{"timestamp": "2025-08-04T18:20:56.500548", "level": "INFO", "message": "Estrat\u00e9gia de investimento para rnn_tx_id: 4d1fa259-9029-4e15-864e-e19903b2093e agendada para execu\u00e7\u00e3o em background.", "name": "atcoin", "module": "app", "function": "initiate_investment", "line": 916}
{"timestamp": "2025-08-04T18:20:56.501736", "level": "INFO", "message": "BG TASK [4d1fa259-9029-4e15-864e-e19903b2093e]: Iniciando estrat\u00e9gia de investimento para cliente diagnose-123, valor 10.0.", "name": "atcoin", "module": "app", "function": "execute_investment_strategy_background", "line": 154}
{"timestamp": "2025-08-04T18:20:56.502128", "level": "WARNING", "message": "CCXT_API_KEY ou CCXT_API_SECRET n\u00e3o configurados. N\u00e3o \u00e9 poss\u00edvel inicializar a exchange.", "name": "atcoin", "module": "ccxt_utils", "function": "get_ccxt_exchange", "line": 24}
{"timestamp": "2025-08-04T18:20:56.502426", "level": "WARNING", "message": "BG TASK [4d1fa259-9029-4e15-864e-e19903b2093e]: Falha ao inicializar a exchange.", "name": "atcoin", "module": "app", "function": "execute_investment_strategy_background", "line": 165}
{"timestamp": "2025-08-04T18:20:56.502738", "level": "INFO", "message": "BG TASK [4d1fa259-9029-4e15-864e-e19903b2093e]: Coletando dados de mercado...", "name": "atcoin", "module": "app", "function": "execute_investment_strategy_background", "line": 174}
{"timestamp": "2025-08-04T18:20:56.502979", "level": "WARNING", "message": "BG TASK [4d1fa259-9029-4e15-864e-e19903b2093e]: Exchange n\u00e3o dispon\u00edvel para coleta de cripto.", "name": "atcoin", "module": "app", "function": "execute_investment_strategy_background", "line": 215}
{"timestamp": "2025-08-04T18:20:58.284671", "level": "ERROR", "message": "BG TASK [4d1fa259-9029-4e15-864e-e19903b2093e]: Falha ao coletar dados de a\u00e7\u00f5es: name 'calculate_rsi' is not defined", "name": "atcoin", "module": "app", "function": "execute_investment_strategy_background", "line": 244}
{"timestamp": "2025-08-04T20:33:42.290662", "level": "INFO", "message": "\u2705 Templates e arquivos est\u00e1ticos carregados com sucesso.", "name": "atcoin", "module": "app", "function": "<module>", "line": 940}
{"timestamp": "2025-08-04T20:33:42.293743", "level": "INFO", "message": "\ud83d\udd25 Iniciando servidor Uvicorn...", "name": "atcoin", "module": "app", "function": "<module>", "line": 985}
{"timestamp": "2025-08-04T20:33:42.545932", "level": "INFO", "message": "\u2705 Templates e arquivos est\u00e1ticos carregados com sucesso.", "name": "atcoin", "module": "app", "function": "<module>", "line": 940}
{"timestamp": "2025-08-04T20:33:42.551297", "level": "ERROR", "message": "\u274c Falha ao carregar o modelo: 'bool' object is not callable", "name": "atcoin", "module": "app", "function": "startup_event", "line": 876}
{"timestamp": "2025-08-04T20:39:09.656567", "level": "INFO", "message": "API Key do AIBank verificada com sucesso.", "name": "atcoin", "module": "app", "function": "verify_aibank_key", "line": 144}
{"timestamp": "2025-08-04T20:39:09.667567", "level": "INFO", "message": "Requisi\u00e7\u00e3o de investimento recebida para client_id: diagnose-123, amount: 10.0, aibank_tx_token: tok_diag_abc123", "name": "atcoin", "module": "app", "function": "initiate_investment", "line": 891}
{"timestamp": "2025-08-04T20:39:09.676751", "level": "INFO", "message": "Estrat\u00e9gia de investimento para rnn_tx_id: bb2878ab-de07-4dd2-81e2-41c9cca66cc3 agendada para execu\u00e7\u00e3o em background.", "name": "atcoin", "module": "app", "function": "initiate_investment", "line": 916}
{"timestamp": "2025-08-04T20:39:09.689646", "level": "INFO", "message": "BG TASK [bb2878ab-de07-4dd2-81e2-41c9cca66cc3]: Iniciando estrat\u00e9gia de investimento para cliente diagnose-123, valor 10.0.", "name": "atcoin", "module": "app", "function": "execute_investment_strategy_background", "line": 154}
{"timestamp": "2025-08-04T20:39:09.689973", "level": "WARNING", "message": "CCXT_API_KEY ou CCXT_API_SECRET n\u00e3o configurados. N\u00e3o \u00e9 poss\u00edvel inicializar a exchange.", "name": "atcoin", "module": "ccxt_utils", "function": "get_ccxt_exchange", "line": 24}
{"timestamp": "2025-08-04T20:39:09.690203", "level": "WARNING", "message": "BG TASK [bb2878ab-de07-4dd2-81e2-41c9cca66cc3]: Falha ao inicializar a exchange.", "name": "atcoin", "module": "app", "function": "execute_investment_strategy_background", "line": 165}
{"timestamp": "2025-08-04T20:39:09.690462", "level": "INFO", "message": "BG TASK [bb2878ab-de07-4dd2-81e2-41c9cca66cc3]: Coletando dados de mercado...", "name": "atcoin", "module": "app", "function": "execute_investment_strategy_background", "line": 174}
{"timestamp": "2025-08-04T20:39:09.690668", "level": "WARNING", "message": "BG TASK [bb2878ab-de07-4dd2-81e2-41c9cca66cc3]: Exchange n\u00e3o dispon\u00edvel para coleta de cripto.", "name": "atcoin", "module": "app", "function": "execute_investment_strategy_background", "line": 215}
{"timestamp": "2025-08-04T20:39:12.617097", "level": "ERROR", "message": "BG TASK [bb2878ab-de07-4dd2-81e2-41c9cca66cc3]: Falha ao coletar dados de a\u00e7\u00f5es: name 'calculate_rsi' is not defined", "name": "atcoin", "module": "app", "function": "execute_investment_strategy_background", "line": 244}
{"timestamp": "2025-08-04T21:21:41.091360", "level": "INFO", "message": "\u2705 Templates e arquivos est\u00e1ticos carregados com sucesso.", "name": "atcoin", "module": "app", "function": "<module>", "line": 940}
{"timestamp": "2025-08-04T21:21:41.107840", "level": "INFO", "message": "\ud83d\udd25 Iniciando servidor Uvicorn...", "name": "atcoin", "module": "app", "function": "<module>", "line": 985}
{"timestamp": "2025-08-04T21:21:41.804699", "level": "INFO", "message": "\u2705 Templates e arquivos est\u00e1ticos carregados com sucesso.", "name": "atcoin", "module": "app", "function": "<module>", "line": 940}
{"timestamp": "2025-08-04T21:21:41.815631", "level": "ERROR", "message": "\u274c Falha ao carregar o modelo: 'bool' object is not callable", "name": "atcoin", "module": "app", "function": "startup_event", "line": 876}
